#
# A fatal error has been detected by the Java Runtime Environment:
#
#  EXCEPTION_ACCESS_VIOLATION (0xc0000005) at pc=0x000000006d1037ff, pid=3312, tid=1872
#
# JRE version: 6.0_25-b06
# Java VM: Java HotSpot(TM) 64-Bit Server VM (20.0-b11 mixed mode windows-amd64 compressed oops)
# Problematic frame:
# C  [awt.dll+0x637ff]
#
# If you would like to submit a bug report, please visit:
#   http://java.sun.com/webapps/bugreport/crash.jsp
# The crash happened outside the Java Virtual Machine in native code.
# See problematic frame for where to report the bug.
#

---------------  T H R E A D  ---------------

Current thread (0x0000000006579800):  JavaThread "AWT-EventQueue-0" [_thread_in_native, id=1872, stack(0x0000000007fa0000,0x00000000080a0000)]

siginfo: ExceptionCode=0xc0000005, reading address 0x0000000007b6fef0

Registers:
RAX=0x0000000007b6fed0, RBX=0x00000000065799d0, RCX=0x0000000000000000, RDX=0x00000000ed660e18
RSP=0x000000000809b7a0, RBP=0x000000006d20dd80, RSI=0x000000000809bb28, RDI=0x0000000007b6fed0
R8 =0x0000000000000042, R9 =0x00000000bd75fe38, R10=0x00000000024679b2, R11=0x000000000809b9f8
R12=0x000000000809bb28, R13=0x000000000809bb20, R14=0x000000000809bb30, R15=0x0000000006579800
RIP=0x000000006d1037ff, EFLAGS=0x0000000000010202

Top of Stack: (sp=0x000000000809b7a0)
0x000000000809b7a0:   00000000065799d0 000000006d20dd80
0x000000000809b7b0:   000000000809bb28 000000000809bb18
0x000000000809b7c0:   000000000645fd00 000000006d0a1feb
0x000000000809b7d0:   000000000645fd20 00000000065799d0
0x000000000809b7e0:   000000000809bb10 000000000809bb18
0x000000000809b7f0:   0000000006450ab0 0000000006450b18
0x000000000809b800:   0000000006450e98 000000000809d6d8
0x000000000809b810:   000000000645fd20 000000006da249ce
0x000000000809b820:   0000000f0000000f 0000002f0000002f
0x000000000809b830:   0000000000000000 0000000000000000
0x000000000809b840:   0000000006579800 000000000809b9e0
0x000000000809b850:   00000000bceb8f28 0000000000000000
0x000000000809b860:   000000000809b930 00000000024680aa
0x000000000809b870:   0000000002454ed0 0000000000000000
0x000000000809b880:   000000000809b9e0 000000000809b930
0x000000000809b890:   000000000809b930 00000000024680aa 

Instructions: (pc=0x000000006d1037ff)
0x000000006d1037df:   4c 8d 05 c2 26 0a 00 48 8b cb ff 50 70 eb 22 48
0x000000006d1037ef:   8d 15 9b 26 0a 00 48 8b cb e8 c9 e6 09 00 eb 11
0x000000006d1037ff:   48 8b 40 20 48 85 c0 74 08 48 8b d7 48 8b cb ff
0x000000006d10380f:   d0 48 8b 74 24 40 48 8b 5c 24 38 48 8b c7 48 8b 


Register to memory mapping:

RAX=0x0000000007b6fed0 is an unknown value
RBX=0x00000000065799d0 is an unknown value
RCX=0x0000000000000000 is an unknown value
RDX=0x00000000ed660e18 is an oop
sun.awt.image.BufImgSurfaceData 
 - klass: 'sun/awt/image/BufImgSurfaceData'
RSP=0x000000000809b7a0 is pointing into the stack for thread: 0x0000000006579800
RBP=0x000000006d20dd80 is an unknown value
RSI=0x000000000809bb28 is pointing into the stack for thread: 0x0000000006579800
RDI=0x0000000007b6fed0 is an unknown value
R8 =0x0000000000000042 is an unknown value
R9 =0x00000000bd75fe38 is an oop
{instance class} 
 - klass: {other class}
R10=0x00000000024679b2 is an Interpreter codelet
method entry point (kind = native)  [0x00000000024674c0, 0x0000000002468380]  3776 bytes
R11=0x000000000809b9f8 is pointing into the stack for thread: 0x0000000006579800
R12=0x000000000809bb28 is pointing into the stack for thread: 0x0000000006579800
R13=0x000000000809bb20 is pointing into the stack for thread: 0x0000000006579800
R14=0x000000000809bb30 is pointing into the stack for thread: 0x0000000006579800
R15=0x0000000006579800 is a thread


Stack: [0x0000000007fa0000,0x00000000080a0000],  sp=0x000000000809b7a0,  free space=1005k
Native frames: (J=compiled Java code, j=interpreted, Vv=VM code, C=native code)
C  [awt.dll+0x637ff]  SurfaceData_GetOps+0xbf

Java frames: (J=compiled Java code, j=interpreted, Vv=VM code)
j  sun.java2d.loops.Blit.Blit(Lsun/java2d/SurfaceData;Lsun/java2d/SurfaceData;Ljava/awt/Composite;Lsun/java2d/pipe/Region;IIIIII)V+0
j  sun.java2d.pipe.DrawImage.blitSurfaceData(Lsun/java2d/SunGraphics2D;Lsun/java2d/pipe/Region;Lsun/java2d/SurfaceData;Lsun/java2d/SurfaceData;Lsun/java2d/loops/SurfaceType;Lsun/java2d/loops/SurfaceType;IIIIIILjava/awt/Color;)V+97
j  sun.java2d.pipe.DrawImage.renderImageCopy(Lsun/java2d/SunGraphics2D;Ljava/awt/Image;Ljava/awt/Color;IIIIII)Z+75
j  sun.java2d.pipe.DrawImage.copyImage(Lsun/java2d/SunGraphics2D;Ljava/awt/Image;IILjava/awt/Color;)Z+45
j  sun.java2d.pipe.DrawImage.copyImage(Lsun/java2d/SunGraphics2D;Ljava/awt/Image;IILjava/awt/Color;Ljava/awt/image/ImageObserver;)Z+15
j  sun.java2d.pipe.ValidatePipe.copyImage(Lsun/java2d/SunGraphics2D;Ljava/awt/Image;IILjava/awt/Color;Ljava/awt/image/ImageObserver;)Z+21
j  sun.java2d.SunGraphics2D.drawImage(Ljava/awt/Image;IILjava/awt/Color;Ljava/awt/image/ImageObserver;)Z+18
j  sun.java2d.SunGraphics2D.drawImage(Ljava/awt/Image;IILjava/awt/image/ImageObserver;)Z+7
j  javax.swing.ImageIcon.paintIcon(Ljava/awt/Component;Ljava/awt/Graphics;II)V+16
j  sun.swing.plaf.synth.SynthIcon.paintIcon(Ljavax/swing/Icon;Ljavax/swing/plaf/synth/SynthContext;Ljava/awt/Graphics;IIII)V+39
j  javax.swing.plaf.synth.SynthGraphicsUtils.paintText(Ljavax/swing/plaf/synth/SynthContext;Ljava/awt/Graphics;Ljava/lang/String;Ljavax/swing/Icon;IIIIIII)V+275
j  javax.swing.plaf.synth.SynthLabelUI.paint(Ljavax/swing/plaf/synth/SynthContext;Ljava/awt/Graphics;)V+96
j  javax.swing.plaf.synth.SynthLabelUI.update(Ljava/awt/Graphics;Ljavax/swing/JComponent;)V+33
j  javax.swing.JComponent.paintComponent(Ljava/awt/Graphics;)V+26
j  javax.swing.JComponent.paint(Ljava/awt/Graphics;)V+290
j  javax.swing.JComponent.paintChildren(Ljava/awt/Graphics;)V+512
j  javax.swing.JComponent.paint(Ljava/awt/Graphics;)V+322
j  javax.swing.JComponent.paintChildren(Ljava/awt/Graphics;)V+512
j  javax.swing.JComponent.paint(Ljava/awt/Graphics;)V+322
j  javax.swing.JComponent.paintChildren(Ljava/awt/Graphics;)V+512
j  javax.swing.JComponent.paint(Ljava/awt/Graphics;)V+322
j  javax.swing.JComponent.paintChildren(Ljava/awt/Graphics;)V+512
j  javax.swing.JComponent.paint(Ljava/awt/Graphics;)V+322
j  javax.swing.JLayeredPane.paint(Ljava/awt/Graphics;)V+73
j  javax.swing.JComponent.paintChildren(Ljava/awt/Graphics;)V+512
j  javax.swing.JComponent.paintToOffscreen(Ljava/awt/Graphics;IIIIII)V+72
j  javax.swing.BufferStrategyPaintManager.paint(Ljavax/swing/JComponent;Ljavax/swing/JComponent;Ljava/awt/Graphics;IIII)Z+157
j  javax.swing.RepaintManager.paint(Ljavax/swing/JComponent;Ljavax/swing/JComponent;Ljava/awt/Graphics;IIII)V+52
j  javax.swing.JComponent.paint(Ljava/awt/Graphics;)V+225
j  java.awt.GraphicsCallback$PaintCallback.run(Ljava/awt/Component;Ljava/awt/Graphics;)V+2
j  sun.awt.SunGraphicsCallback.runOneComponent(Ljava/awt/Component;Ljava/awt/Rectangle;Ljava/awt/Graphics;Ljava/awt/Shape;I)V+155
j  sun.awt.SunGraphicsCallback.runComponents([Ljava/awt/Component;Ljava/awt/Graphics;I)V+104
j  java.awt.Container.paint(Ljava/awt/Graphics;)V+73
j  java.awt.Window.paint(Ljava/awt/Graphics;)V+72
j  javax.swing.RepaintManager.paintDirtyRegions(Ljava/util/Map;)V+250
j  javax.swing.RepaintManager.paintDirtyRegions()V+46
j  javax.swing.RepaintManager.seqPaintDirtyRegions()V+73
j  javax.swing.SystemEventQueueUtilities$ComponentWorkRequest.run()V+36
j  java.awt.event.InvocationEvent.dispatch()V+47
j  java.awt.EventQueue.dispatchEventImpl(Ljava/awt/AWTEvent;Ljava/lang/Object;)V+21
j  java.awt.EventQueue.access$000(Ljava/awt/EventQueue;Ljava/awt/AWTEvent;Ljava/lang/Object;)V+3
j  java.awt.EventQueue$1.run()Ljava/lang/Void;+12
j  java.awt.EventQueue$1.run()Ljava/lang/Object;+1
v  ~StubRoutines::call_stub
j  java.security.AccessController.doPrivileged(Ljava/security/PrivilegedAction;Ljava/security/AccessControlContext;)Ljava/lang/Object;+0
j  java.security.AccessControlContext$1.doIntersectionPrivilege(Ljava/security/PrivilegedAction;Ljava/security/AccessControlContext;Ljava/security/AccessControlContext;)Ljava/lang/Object;+28
j  java.awt.EventQueue.dispatchEvent(Ljava/awt/AWTEvent;)V+46
j  java.awt.EventDispatchThread.pumpOneEventForFilters(I)Z+204
j  java.awt.EventDispatchThread.pumpEventsForFilter(ILjava/awt/Conditional;Ljava/awt/EventFilter;)V+30
j  java.awt.EventDispatchThread.pumpEventsForFilter(Ljava/awt/Conditional;Ljava/awt/EventFilter;)V+4
j  java.awt.Dialog$1.run()V+23
j  java.awt.Dialog$3.run()Ljava/lang/Object;+4
v  ~StubRoutines::call_stub
j  java.security.AccessController.doPrivileged(Ljava/security/PrivilegedAction;)Ljava/lang/Object;+0
j  java.awt.Dialog.show()V+223
j  javax.swing.JOptionPane.showOptionDialog(Ljava/awt/Component;Ljava/lang/Object;Ljava/lang/String;IILjavax/swing/Icon;[Ljava/lang/Object;Ljava/lang/Object;)I+70
j  javax.swing.JOptionPane.showMessageDialog(Ljava/awt/Component;Ljava/lang/Object;Ljava/lang/String;ILjavax/swing/Icon;)V+9
j  Game.Spot.image()Ljava/awt/image/BufferedImage;+17
j  Game.Map.addSpot(LGame/Spot;II)V+29
j  Game.Tested.<init>()V+119
j  Game.Tested$5.run()V+4
j  java.awt.event.InvocationEvent.dispatch()V+47
j  java.awt.EventQueue.dispatchEventImpl(Ljava/awt/AWTEvent;Ljava/lang/Object;)V+21
j  java.awt.EventQueue.access$000(Ljava/awt/EventQueue;Ljava/awt/AWTEvent;Ljava/lang/Object;)V+3
j  java.awt.EventQueue$1.run()Ljava/lang/Void;+12
j  java.awt.EventQueue$1.run()Ljava/lang/Object;+1
v  ~StubRoutines::call_stub
j  java.security.AccessController.doPrivileged(Ljava/security/PrivilegedAction;Ljava/security/AccessControlContext;)Ljava/lang/Object;+0
j  java.security.AccessControlContext$1.doIntersectionPrivilege(Ljava/security/PrivilegedAction;Ljava/security/AccessControlContext;Ljava/security/AccessControlContext;)Ljava/lang/Object;+28
j  java.awt.EventQueue.dispatchEvent(Ljava/awt/AWTEvent;)V+46
j  java.awt.EventDispatchThread.pumpOneEventForFilters(I)Z+204
j  java.awt.EventDispatchThread.pumpEventsForFilter(ILjava/awt/Conditional;Ljava/awt/EventFilter;)V+30
j  java.awt.EventDispatchThread.pumpEventsForHierarchy(ILjava/awt/Conditional;Ljava/awt/Component;)V+11
j  java.awt.EventDispatchThread.pumpEvents(ILjava/awt/Conditional;)V+4
j  java.awt.EventDispatchThread.pumpEvents(Ljava/awt/Conditional;)V+3
j  java.awt.EventDispatchThread.run()V+9
v  ~StubRoutines::call_stub

---------------  P R O C E S S  ---------------

Java Threads: ( => current thread )
  0x000000000657d000 JavaThread "org.netbeans.modules.debugger.jpda.visual AWT Access Loop" daemon [_thread_blocked, id=4628, stack(0x00000000080a0000,0x00000000081a0000)]
  0x000000000021c000 JavaThread "DestroyJavaVM" [_thread_blocked, id=4120, stack(0x0000000002350000,0x0000000002450000)]
=>0x0000000006579800 JavaThread "AWT-EventQueue-0" [_thread_in_native, id=1872, stack(0x0000000007fa0000,0x00000000080a0000)]
  0x000000000655d000 JavaThread "AWT-Windows" daemon [_thread_in_native, id=2192, stack(0x0000000007550000,0x0000000007650000)]
  0x000000000655a000 JavaThread "AWT-Shutdown" [_thread_blocked, id=2020, stack(0x0000000007450000,0x0000000007550000)]
  0x0000000006559800 JavaThread "Java2D Disposer" daemon [_thread_blocked, id=2000, stack(0x0000000007350000,0x0000000007450000)]
  0x000000000645e000 JavaThread "Low Memory Detector" daemon [_thread_blocked, id=936, stack(0x0000000006dd0000,0x0000000006ed0000)]
  0x000000000644d000 JavaThread "C2 CompilerThread1" daemon [_thread_blocked, id=2352, stack(0x0000000006cd0000,0x0000000006dd0000)]
  0x000000000644a800 JavaThread "C2 CompilerThread0" daemon [_thread_blocked, id=4168, stack(0x0000000006bd0000,0x0000000006cd0000)]
  0x0000000006439000 JavaThread "JDWP Command Reader" daemon [_thread_in_native, id=180, stack(0x0000000006ad0000,0x0000000006bd0000)]
  0x0000000006438000 JavaThread "JDWP Event Helper Thread" daemon [_thread_blocked, id=4412, stack(0x00000000069d0000,0x0000000006ad0000)]
  0x0000000006436800 JavaThread "JDWP Transport Listener: dt_shmem" daemon [_thread_blocked, id=908, stack(0x00000000068d0000,0x00000000069d0000)]
  0x0000000006424000 JavaThread "Attach Listener" daemon [_thread_blocked, id=1280, stack(0x00000000067d0000,0x00000000068d0000)]
  0x0000000006423000 JavaThread "Signal Dispatcher" daemon [_thread_blocked, id=4192, stack(0x00000000066d0000,0x00000000067d0000)]
  0x0000000000527000 JavaThread "Finalizer" daemon [_thread_blocked, id=4640, stack(0x00000000065d0000,0x00000000066d0000)]
  0x0000000000525800 JavaThread "Reference Handler" daemon [_thread_blocked, id=4344, stack(0x00000000062d0000,0x00000000063d0000)]

Other Threads:
  0x000000000051f000 VMThread [stack: 0x00000000061d0000,0x00000000062d0000] [id=3340]
  0x0000000006471800 WatcherThread [stack: 0x0000000006ed0000,0x0000000006fd0000] [id=2652]

VM state:not at safepoint (normal execution)

VM Mutex/Monitor currently owned by a thread: None

Heap
 PSYoungGen      total 34496K, used 27722K [0x00000000eb400000, 0x00000000ed840000, 0x0000000100000000)
  eden space 31872K, 78% used [0x00000000eb400000,0x00000000ecc86a00,0x00000000ed320000)
  from space 2624K, 99% used [0x00000000ed5b0000,0x00000000ed83c020,0x00000000ed840000)
  to   space 2624K, 0% used [0x00000000ed320000,0x00000000ed320000,0x00000000ed5b0000)
 PSOldGen        total 42496K, used 20940K [0x00000000c1c00000, 0x00000000c4580000, 0x00000000eb400000)
  object space 42496K, 49% used [0x00000000c1c00000,0x00000000c3073310,0x00000000c4580000)
 PSPermGen       total 21248K, used 17099K [0x00000000bca00000, 0x00000000bdec0000, 0x00000000c1c00000)
  object space 21248K, 80% used [0x00000000bca00000,0x00000000bdab2cd0,0x00000000bdec0000)

Code Cache  [0x0000000002450000, 0x00000000026c0000, 0x0000000005450000)
 total_blobs=629 nmethods=217 adapters=373 free_code_cache=48838592 largest_free_block=20224

Dynamic libraries:
0x0000000000400000 - 0x000000000042e000 	C:\Program Files\Java\jdk1.6.0_25\bin\java.exe
0x0000000077820000 - 0x00000000779c9000 	C:\Windows\SYSTEM32\ntdll.dll
0x0000000077600000 - 0x000000007771f000 	C:\Windows\system32\kernel32.dll
0x000007fefd760000 - 0x000007fefd7cc000 	C:\Windows\system32\KERNELBASE.dll
0x000007fefe430000 - 0x000007fefe50b000 	C:\Windows\system32\ADVAPI32.dll
0x000007feff860000 - 0x000007feff8ff000 	C:\Windows\system32\msvcrt.dll
0x000007fefe100000 - 0x000007fefe11f000 	C:\Windows\SYSTEM32\sechost.dll
0x000007fefe560000 - 0x000007fefe68d000 	C:\Windows\system32\RPCRT4.dll
0x000000006d890000 - 0x000000006e048000 	C:\Program Files\Java\jdk1.6.0_25\jre\bin\server\jvm.dll
0x0000000077720000 - 0x000000007781a000 	C:\Windows\system32\USER32.dll
0x000007feff770000 - 0x000007feff7d7000 	C:\Windows\system32\GDI32.dll
0x000007fefe420000 - 0x000007fefe42e000 	C:\Windows\system32\LPK.dll
0x000007fefd9a0000 - 0x000007fefda69000 	C:\Windows\system32\USP10.dll
0x000007fef7690000 - 0x000007fef76cb000 	C:\Windows\system32\WINMM.dll
0x000007fefe510000 - 0x000007fefe53e000 	C:\Windows\system32\IMM32.DLL
0x000007feff480000 - 0x000007feff589000 	C:\Windows\system32\MSCTF.dll
0x000000006d800000 - 0x000000006d80e000 	C:\Program Files\Java\jdk1.6.0_25\jre\bin\verify.dll
0x000000006d450000 - 0x000000006d477000 	C:\Program Files\Java\jdk1.6.0_25\jre\bin\java.dll
0x00000000779e0000 - 0x00000000779e7000 	C:\Windows\system32\PSAPI.DLL
0x000000006d4c0000 - 0x000000006d4f4000 	C:\Program Files\Java\jdk1.6.0_25\jre\bin\jdwp.dll
0x000000006d6d0000 - 0x000000006d6d8000 	C:\Program Files\Java\jdk1.6.0_25\jre\bin\npt.dll
0x000000006d850000 - 0x000000006d862000 	C:\Program Files\Java\jdk1.6.0_25\jre\bin\zip.dll
0x000000006d300000 - 0x000000006d30a000 	C:\Program Files\Java\jdk1.6.0_25\jre\bin\dt_shmem.dll
0x000000006d0a0000 - 0x000000006d263000 	C:\Program Files\Java\jdk1.6.0_25\jre\bin\awt.dll
0x000007fef99e0000 - 0x000007fef9a51000 	C:\Windows\system32\WINSPOOL.DRV
0x000007fefe210000 - 0x000007fefe413000 	C:\Windows\system32\ole32.dll
0x000007fefe6f0000 - 0x000007feff478000 	C:\Windows\system32\SHELL32.dll
0x000007fefdb50000 - 0x000007fefdbc1000 	C:\Windows\system32\SHLWAPI.dll
0x000007fefb7b0000 - 0x000007fefb9a4000 	C:\Windows\WinSxS\amd64_microsoft.windows.common-controls_6595b64144ccf1df_6.0.7601.17514_none_fa396087175ac9ac\COMCTL32.dll
0x000007fefb150000 - 0x000007fefb168000 	C:\Windows\system32\DWMAPI.DLL
0x000007fefb750000 - 0x000007fefb7a6000 	C:\Windows\system32\uxtheme.dll
0x0000000011320000 - 0x0000000011366000 	C:\Program Files (x86)\NetSupport\NetSupport School\pciappctrl64.dll
0x000007fefc790000 - 0x000007fefc79c000 	C:\Windows\system32\VERSION.dll
0x000007fef78f0000 - 0x000007fef7a15000 	C:\Windows\system32\dbghelp.dll
0x0000000011500000 - 0x0000000011525000 	C:\Program Files (x86)\Common Files\NSL\NSCommonHook64.dll
0x000007fef2780000 - 0x000007fef27ff000 	C:\Program Files\Common Files\microsoft shared\ink\tiptsf.dll
0x000007fefda70000 - 0x000007fefdb47000 	C:\Windows\system32\OLEAUT32.dll
0x000007fefd480000 - 0x000007fefd48f000 	C:\Windows\system32\CRYPTBASE.dll
0x000000006d340000 - 0x000000006d3a6000 	C:\Program Files\Java\jdk1.6.0_25\jre\bin\fontmanager.dll
0x000000006d6a0000 - 0x000000006d6b7000 	C:\Program Files\Java\jdk1.6.0_25\jre\bin\net.dll
0x000007fefe1c0000 - 0x000007fefe20d000 	C:\Windows\system32\WS2_32.dll
0x000007fefdbd0000 - 0x000007fefdbd8000 	C:\Windows\system32\NSI.dll
0x0000000180000000 - 0x0000000180025000 	C:\Program Files (x86)\Common Files\NSL\nslsp64.dll
0x000007fefcd80000 - 0x000007fefcdd5000 	C:\Windows\system32\mswsock.dll
0x000007fefcd70000 - 0x000007fefcd77000 	C:\Windows\System32\wship6.dll
0x000000006d6c0000 - 0x000000006d6cb000 	C:\Program Files\Java\jdk1.6.0_25\jre\bin\nio.dll
0x000007fefcde0000 - 0x000007fefcdf8000 	C:\Windows\system32\CRYPTSP.dll
0x000007fefcae0000 - 0x000007fefcb27000 	C:\Windows\system32\rsaenh.dll
0x000007fefd730000 - 0x000007fefd74e000 	C:\Windows\system32\USERENV.dll
0x000007fefd5e0000 - 0x000007fefd5ef000 	C:\Windows\system32\profapi.dll
0x000007fefb1e0000 - 0x000007fefb1f5000 	C:\Windows\system32\NLAapi.dll
0x000007fef9c30000 - 0x000007fef9c45000 	C:\Windows\system32\napinsp.dll
0x000007fef9c50000 - 0x000007fef9c69000 	C:\Windows\system32\pnrpnsp.dll
0x000007fefcc00000 - 0x000007fefcc5b000 	C:\Windows\system32\DNSAPI.dll
0x000007fef9c20000 - 0x000007fef9c2b000 	C:\Windows\System32\winrnr.dll
0x0000000075270000 - 0x00000000752a5000 	C:\Program Files\Bonjour\mdnsNSP.dll
0x000007fefaf00000 - 0x000007fefaf27000 	C:\Windows\system32\Iphlpapi.DLL
0x000007fefaec0000 - 0x000007fefaecb000 	C:\Windows\system32\WINNSI.DLL
0x0000000075240000 - 0x000000007526e000 	C:\Program Files\Common Files\Microsoft Shared\Windows Live\WLIDNSP.DLL
0x000007fefc770000 - 0x000007fefc777000 	C:\Windows\System32\wshtcpip.dll
0x000007fef9ca0000 - 0x000007fef9ca8000 	C:\Windows\system32\rasadhlp.dll
0x000007fefadf0000 - 0x000007fefae43000 	C:\Windows\System32\fwpuclnt.dll
0x000000006d2b0000 - 0x000000006d2d8000 	C:\Program Files\Java\jdk1.6.0_25\jre\bin\dcpr.dll

VM Arguments:
jvm_args: -Xdebug -Xrunjdwp:transport=dt_shmem,address=javadebug -Dfile.encoding=UTF-8 
java_command: Game.Tested
Launcher Type: SUN_STANDARD

Environment Variables:
CLASSPATH=.;C:\Program Files (x86)\QuickTime\QTSystem\QTJava.zip
PATH=C:\Program Files\Common Files\Microsoft Shared\Windows Live;C:\Windows\system32;C:\Windows;C:\Windows\System32\Wbem;C:\Windows\System32\WindowsPowerShell\v1.0\;C:\Program Files (x86)\Common Files\Roxio Shared\DLLShared\;C:\Program Files (x86)\Common Files\Roxio Shared\10.0\DLLShared\;C:\Program Files (x86)\QuickTime\QTSystem\;C:\Program Files\Microsoft SQL Server\110\Tools\Binn\;C:\Program Files\Microsoft\Web Platform Installer\;C:\Program Files (x86)\Microsoft ASP.NET\ASP.NET Web Pages\v1.0\;C:\Program Files (x86)\Elan Speech\Speech Engine SDK\APIs\NSCAPI
USERNAME=f.harz
OS=Windows_NT
PROCESSOR_IDENTIFIER=Intel64 Family 6 Model 42 Stepping 7, GenuineIntel



---------------  S Y S T E M  ---------------

OS: Windows 7 Build 7601 Service Pack 1

CPU:total 4 (4 cores per cpu, 1 threads per core) family 6 model 42 stepping 7, cmov, cx8, fxsr, mmx, sse, sse2, sse3, ssse3, sse4.1, sse4.2, popcnt

Memory: 4k page, physical 4072500k(1555520k free), swap 8143136k(5499248k free)

vm_info: Java HotSpot(TM) 64-Bit Server VM (20.0-b11) for windows-amd64 JRE (1.6.0_25-b06), built on Apr 14 2011 00:44:38 by "java_re" with MS VC++ 8.0 (VS2005)

time: Thu Apr 23 08:38:11 2015
elapsed time: 20 seconds

