#
# A fatal error has been detected by the Java Runtime Environment:
#
#  EXCEPTION_ACCESS_VIOLATION (0xc0000005) at pc=0x000000006d1037ff, pid=2940, tid=5208
#
# JRE version: 6.0_25-b06
# Java VM: Java HotSpot(TM) 64-Bit Server VM (20.0-b11 mixed mode windows-amd64 compressed oops)
# Problematic frame:
# C  [awt.dll+0x637ff]
#
# If you would like to submit a bug report, please visit:
#   http://java.sun.com/webapps/bugreport/crash.jsp
# The crash happened outside the Java Virtual Machine in native code.
# See problematic frame for where to report the bug.
#

---------------  T H R E A D  ---------------

Current thread (0x0000000006679000):  JavaThread "AWT-EventQueue-0" [_thread_in_native, id=5208, stack(0x0000000007960000,0x0000000007a60000)]

siginfo: ExceptionCode=0xc0000005, reading address 0x0000000008a742b0

Registers:
RAX=0x0000000008a74290, RBX=0x00000000066791d0, RCX=0x0000000000000000, RDX=0x00000000ed680388
RSP=0x0000000007a5d100, RBP=0x0000000007a5d500, RSI=0x0000000007a5d500, RDI=0x0000000008a74290
R8 =0x0000000000000042, R9 =0x00000000bd75ede0, R10=0x00000000024279b2, R11=0x0000000007a5d3a8
R12=0x000000006d20e218, R13=0x0000000007a5d4f8, R14=0x0000000007a5d508, R15=0x0000000000000000
RIP=0x000000006d1037ff, EFLAGS=0x0000000000010206

Top of Stack: (sp=0x0000000007a5d100)
0x0000000007a5d100:   00000000066791d0 0000000007a5d500
0x0000000007a5d110:   0000000007a5d500 0000000007a5d4f0
0x0000000007a5d120:   0000000000000000 000000006d0ac217
0x0000000007a5d130:   0000000006672e40 00000000066791d0
0x0000000007a5d140:   0000000007a5d4e8 0000000007a5d4f0
0x0000000007a5d150:   0000000007a5d2e0 000000006da9c20d
0x0000000007a5d160:   000000000000000b 000000006d0ac160
0x0000000007a5d170:   000000006de52ea8 0000005000000000
0x0000000007a5d180:   0000000000000027 000000006da9c988
0x0000000007a5d190:   0000000000000000 0000000006516480
0x0000000007a5d1a0:   0000000007a5d2e0 0000000000000000
0x0000000007a5d1b0:   0000000000000000 0000000000000000
0x0000000007a5d1c0:   00000000066791d0 0000000000000000
0x0000000007a5d1d0:   000001970000026f 0000000000000000
0x0000000007a5d1e0:   0000000000000000 0000000006516450
0x0000000007a5d1f0:   0000000006516778 3f80000000000003 

Instructions: (pc=0x000000006d1037ff)
0x000000006d1037df:   4c 8d 05 c2 26 0a 00 48 8b cb ff 50 70 eb 22 48
0x000000006d1037ef:   8d 15 9b 26 0a 00 48 8b cb e8 c9 e6 09 00 eb 11
0x000000006d1037ff:   48 8b 40 20 48 85 c0 74 08 48 8b d7 48 8b cb ff
0x000000006d10380f:   d0 48 8b 74 24 40 48 8b 5c 24 38 48 8b c7 48 8b 


Register to memory mapping:

RAX=0x0000000008a74290 is an unknown value
RBX=0x00000000066791d0 is an unknown value
RCX=0x0000000000000000 is an unknown value
RDX=0x00000000ed680388 is an oop
sun.awt.image.BufImgSurfaceData 
 - klass: 'sun/awt/image/BufImgSurfaceData'
RSP=0x0000000007a5d100 is pointing into the stack for thread: 0x0000000006679000
RBP=0x0000000007a5d500 is pointing into the stack for thread: 0x0000000006679000
RSI=0x0000000007a5d500 is pointing into the stack for thread: 0x0000000006679000
RDI=0x0000000008a74290 is an unknown value
R8 =0x0000000000000042 is an unknown value
R9 =0x00000000bd75ede0 is an oop
{instance class} 
 - klass: {other class}
R10=0x00000000024279b2 is an Interpreter codelet
method entry point (kind = native)  [0x00000000024274c0, 0x0000000002428380]  3776 bytes
R11=0x0000000007a5d3a8 is pointing into the stack for thread: 0x0000000006679000
R12=0x000000006d20e218 is an unknown value
R13=0x0000000007a5d4f8 is pointing into the stack for thread: 0x0000000006679000
R14=0x0000000007a5d508 is pointing into the stack for thread: 0x0000000006679000
R15=0x0000000000000000 is an unknown value


Stack: [0x0000000007960000,0x0000000007a60000],  sp=0x0000000007a5d100,  free space=1012k
Native frames: (J=compiled Java code, j=interpreted, Vv=VM code, C=native code)
C  [awt.dll+0x637ff]  SurfaceData_GetOps+0xbf

Java frames: (J=compiled Java code, j=interpreted, Vv=VM code)
j  sun.java2d.loops.MaskBlit.MaskBlit(Lsun/java2d/SurfaceData;Lsun/java2d/SurfaceData;Ljava/awt/Composite;Lsun/java2d/pipe/Region;IIIIII[BII)V+0
j  sun.java2d.loops.Blit$GeneralMaskBlit.Blit(Lsun/java2d/SurfaceData;Lsun/java2d/SurfaceData;Ljava/awt/Composite;Lsun/java2d/pipe/Region;IIIIII)V+24
j  sun.java2d.pipe.DrawImage.blitSurfaceData(Lsun/java2d/SunGraphics2D;Lsun/java2d/pipe/Region;Lsun/java2d/SurfaceData;Lsun/java2d/SurfaceData;Lsun/java2d/loops/SurfaceType;Lsun/java2d/loops/SurfaceType;IIIIIILjava/awt/Color;)V+97
j  sun.java2d.pipe.DrawImage.renderImageCopy(Lsun/java2d/SunGraphics2D;Ljava/awt/Image;Ljava/awt/Color;IIIIII)Z+75
j  sun.java2d.pipe.DrawImage.copyImage(Lsun/java2d/SunGraphics2D;Ljava/awt/Image;IILjava/awt/Color;)Z+45
j  sun.java2d.pipe.DrawImage.copyImage(Lsun/java2d/SunGraphics2D;Ljava/awt/Image;IILjava/awt/Color;Ljava/awt/image/ImageObserver;)Z+15
j  sun.java2d.pipe.ValidatePipe.copyImage(Lsun/java2d/SunGraphics2D;Ljava/awt/Image;IILjava/awt/Color;Ljava/awt/image/ImageObserver;)Z+21
j  sun.java2d.SunGraphics2D.drawImage(Ljava/awt/Image;IILjava/awt/Color;Ljava/awt/image/ImageObserver;)Z+18
j  sun.java2d.SunGraphics2D.drawImage(Ljava/awt/Image;IILjava/awt/image/ImageObserver;)Z+7
j  Tools.ImagePanel.paintComponent(Ljava/awt/Graphics;)V+19
j  javax.swing.JComponent.paint(Ljava/awt/Graphics;)V+290
j  javax.swing.JComponent.paintChildren(Ljava/awt/Graphics;)V+512
j  javax.swing.JComponent.paint(Ljava/awt/Graphics;)V+322
j  javax.swing.JComponent.paintChildren(Ljava/awt/Graphics;)V+512
j  javax.swing.JComponent.paint(Ljava/awt/Graphics;)V+322
j  javax.swing.JComponent.paintChildren(Ljava/awt/Graphics;)V+512
j  javax.swing.JComponent.paint(Ljava/awt/Graphics;)V+322
j  javax.swing.JLayeredPane.paint(Ljava/awt/Graphics;)V+73
j  javax.swing.JComponent.paintChildren(Ljava/awt/Graphics;)V+512
j  javax.swing.JComponent.paintToOffscreen(Ljava/awt/Graphics;IIIIII)V+72
j  javax.swing.BufferStrategyPaintManager.paint(Ljavax/swing/JComponent;Ljavax/swing/JComponent;Ljava/awt/Graphics;IIII)Z+157
j  javax.swing.RepaintManager.paint(Ljavax/swing/JComponent;Ljavax/swing/JComponent;Ljava/awt/Graphics;IIII)V+52
j  javax.swing.JComponent.paint(Ljava/awt/Graphics;)V+225
j  java.awt.GraphicsCallback$PaintCallback.run(Ljava/awt/Component;Ljava/awt/Graphics;)V+2
j  sun.awt.SunGraphicsCallback.runOneComponent(Ljava/awt/Component;Ljava/awt/Rectangle;Ljava/awt/Graphics;Ljava/awt/Shape;I)V+155
j  sun.awt.SunGraphicsCallback.runComponents([Ljava/awt/Component;Ljava/awt/Graphics;I)V+104
j  java.awt.Container.paint(Ljava/awt/Graphics;)V+73
j  java.awt.Window.paint(Ljava/awt/Graphics;)V+72
j  javax.swing.RepaintManager.paintDirtyRegions(Ljava/util/Map;)V+250
j  javax.swing.RepaintManager.paintDirtyRegions()V+46
j  javax.swing.RepaintManager.seqPaintDirtyRegions()V+73
j  javax.swing.SystemEventQueueUtilities$ComponentWorkRequest.run()V+36
j  java.awt.event.InvocationEvent.dispatch()V+47
j  java.awt.EventQueue.dispatchEventImpl(Ljava/awt/AWTEvent;Ljava/lang/Object;)V+21
j  java.awt.EventQueue.access$000(Ljava/awt/EventQueue;Ljava/awt/AWTEvent;Ljava/lang/Object;)V+3
j  java.awt.EventQueue$1.run()Ljava/lang/Void;+12
j  java.awt.EventQueue$1.run()Ljava/lang/Object;+1
v  ~StubRoutines::call_stub
j  java.security.AccessController.doPrivileged(Ljava/security/PrivilegedAction;Ljava/security/AccessControlContext;)Ljava/lang/Object;+0
j  java.security.AccessControlContext$1.doIntersectionPrivilege(Ljava/security/PrivilegedAction;Ljava/security/AccessControlContext;Ljava/security/AccessControlContext;)Ljava/lang/Object;+28
j  java.awt.EventQueue.dispatchEvent(Ljava/awt/AWTEvent;)V+46
j  java.awt.EventDispatchThread.pumpOneEventForFilters(I)Z+204
j  java.awt.EventDispatchThread.pumpEventsForFilter(ILjava/awt/Conditional;Ljava/awt/EventFilter;)V+30
j  java.awt.EventDispatchThread.pumpEventsForHierarchy(ILjava/awt/Conditional;Ljava/awt/Component;)V+11
j  java.awt.EventDispatchThread.pumpEvents(ILjava/awt/Conditional;)V+4
j  java.awt.EventDispatchThread.pumpEvents(Ljava/awt/Conditional;)V+3
j  java.awt.EventDispatchThread.run()V+9
v  ~StubRoutines::call_stub

---------------  P R O C E S S  ---------------

Java Threads: ( => current thread )
  0x0000000006680000 JavaThread "org.netbeans.modules.debugger.jpda.visual AWT Access Loop" daemon [_thread_blocked, id=3360, stack(0x0000000007e60000,0x0000000007f60000)]
  0x00000000003cc000 JavaThread "DestroyJavaVM" [_thread_blocked, id=5812, stack(0x0000000002310000,0x0000000002410000)]
=>0x0000000006679000 JavaThread "AWT-EventQueue-0" [_thread_in_native, id=5208, stack(0x0000000007960000,0x0000000007a60000)]
  0x0000000006620000 JavaThread "AWT-Windows" daemon [_thread_in_native, id=5368, stack(0x0000000007400000,0x0000000007500000)]
  0x000000000661d000 JavaThread "AWT-Shutdown" [_thread_blocked, id=1104, stack(0x0000000007300000,0x0000000007400000)]
  0x000000000661c800 JavaThread "Java2D Disposer" daemon [_thread_blocked, id=2168, stack(0x0000000007200000,0x0000000007300000)]
  0x0000000006513800 JavaThread "Low Memory Detector" daemon [_thread_blocked, id=4232, stack(0x0000000006d90000,0x0000000006e90000)]
  0x000000000650a000 JavaThread "C2 CompilerThread1" daemon [_thread_blocked, id=5248, stack(0x0000000006c90000,0x0000000006d90000)]
  0x0000000006506000 JavaThread "C2 CompilerThread0" daemon [_thread_blocked, id=2580, stack(0x0000000006b90000,0x0000000006c90000)]
  0x00000000064f6800 JavaThread "JDWP Command Reader" daemon [_thread_in_native, id=5168, stack(0x0000000006a90000,0x0000000006b90000)]
  0x00000000064f5000 JavaThread "JDWP Event Helper Thread" daemon [_thread_blocked, id=3204, stack(0x0000000006990000,0x0000000006a90000)]
  0x00000000064f3800 JavaThread "JDWP Transport Listener: dt_shmem" daemon [_thread_blocked, id=5464, stack(0x0000000006890000,0x0000000006990000)]
  0x00000000064e4800 JavaThread "Attach Listener" daemon [_thread_blocked, id=1420, stack(0x0000000006790000,0x0000000006890000)]
  0x00000000064df000 JavaThread "Signal Dispatcher" daemon [_thread_blocked, id=3392, stack(0x0000000006690000,0x0000000006790000)]
  0x000000000052c000 JavaThread "Finalizer" daemon [_thread_blocked, id=2888, stack(0x0000000006390000,0x0000000006490000)]
  0x0000000000525800 JavaThread "Reference Handler" daemon [_thread_blocked, id=4020, stack(0x0000000006290000,0x0000000006390000)]

Other Threads:
  0x000000000051f000 VMThread [stack: 0x0000000006190000,0x0000000006290000] [id=4684]
  0x0000000006531800 WatcherThread [stack: 0x0000000006e90000,0x0000000006f90000] [id=5180]

VM state:not at safepoint (normal execution)

VM Mutex/Monitor currently owned by a thread: None

Heap
 PSYoungGen      total 34496K, used 26835K [0x00000000eb400000, 0x00000000ed840000, 0x0000000100000000)
  eden space 31872K, 76% used [0x00000000eb400000,0x00000000ecba8e00,0x00000000ed320000)
  from space 2624K, 99% used [0x00000000ed5b0000,0x00000000ed83c020,0x00000000ed840000)
  to   space 2624K, 0% used [0x00000000ed320000,0x00000000ed320000,0x00000000ed5b0000)
 PSOldGen        total 42496K, used 21676K [0x00000000c1c00000, 0x00000000c4580000, 0x00000000eb400000)
  object space 42496K, 51% used [0x00000000c1c00000,0x00000000c312b050,0x00000000c4580000)
 PSPermGen       total 21248K, used 15712K [0x00000000bca00000, 0x00000000bdec0000, 0x00000000c1c00000)
  object space 21248K, 73% used [0x00000000bca00000,0x00000000bd958340,0x00000000bdec0000)

Code Cache  [0x0000000002410000, 0x0000000002680000, 0x0000000005410000)
 total_blobs=604 nmethods=209 adapters=356 free_code_cache=48934144 largest_free_block=22400

Dynamic libraries:
0x0000000000400000 - 0x000000000042e000 	C:\Program Files\Java\jdk1.6.0_25\bin\java.exe
0x0000000077650000 - 0x00000000777f9000 	C:\Windows\SYSTEM32\ntdll.dll
0x0000000077530000 - 0x000000007764f000 	C:\Windows\system32\kernel32.dll
0x000007fefd6b0000 - 0x000007fefd71c000 	C:\Windows\system32\KERNELBASE.dll
0x000007fefe470000 - 0x000007fefe54b000 	C:\Windows\system32\ADVAPI32.dll
0x000007fefddf0000 - 0x000007fefde8f000 	C:\Windows\system32\msvcrt.dll
0x000007fefe450000 - 0x000007fefe46f000 	C:\Windows\SYSTEM32\sechost.dll
0x000007fefe060000 - 0x000007fefe18d000 	C:\Windows\system32\RPCRT4.dll
0x000000006d890000 - 0x000000006e048000 	C:\Program Files\Java\jdk1.6.0_25\jre\bin\server\jvm.dll
0x0000000077430000 - 0x000000007752a000 	C:\Windows\system32\USER32.dll
0x000007fefdbf0000 - 0x000007fefdc57000 	C:\Windows\system32\GDI32.dll
0x000007fefe550000 - 0x000007fefe55e000 	C:\Windows\system32\LPK.dll
0x000007fefd8e0000 - 0x000007fefd9a9000 	C:\Windows\system32\USP10.dll
0x000007fef9c70000 - 0x000007fef9cab000 	C:\Windows\system32\WINMM.dll
0x000007fefdf70000 - 0x000007fefdf9e000 	C:\Windows\system32\IMM32.DLL
0x000007fefd7d0000 - 0x000007fefd8d9000 	C:\Windows\system32\MSCTF.dll
0x000000006d800000 - 0x000000006d80e000 	C:\Program Files\Java\jdk1.6.0_25\jre\bin\verify.dll
0x000000006d450000 - 0x000000006d477000 	C:\Program Files\Java\jdk1.6.0_25\jre\bin\java.dll
0x0000000077810000 - 0x0000000077817000 	C:\Windows\system32\PSAPI.DLL
0x000000006d4c0000 - 0x000000006d4f4000 	C:\Program Files\Java\jdk1.6.0_25\jre\bin\jdwp.dll
0x000000006d6d0000 - 0x000000006d6d8000 	C:\Program Files\Java\jdk1.6.0_25\jre\bin\npt.dll
0x000000006d850000 - 0x000000006d862000 	C:\Program Files\Java\jdk1.6.0_25\jre\bin\zip.dll
0x000000006d300000 - 0x000000006d30a000 	C:\Program Files\Java\jdk1.6.0_25\jre\bin\dt_shmem.dll
0x000000006d0a0000 - 0x000000006d263000 	C:\Program Files\Java\jdk1.6.0_25\jre\bin\awt.dll
0x000007fef94b0000 - 0x000007fef9521000 	C:\Windows\system32\WINSPOOL.DRV
0x000007fefe230000 - 0x000007fefe433000 	C:\Windows\system32\ole32.dll
0x000007fefeb00000 - 0x000007feff888000 	C:\Windows\system32\SHELL32.dll
0x000007fefea80000 - 0x000007fefeaf1000 	C:\Windows\system32\SHLWAPI.dll
0x000007fefa930000 - 0x000007fefab24000 	C:\Windows\WinSxS\amd64_microsoft.windows.common-controls_6595b64144ccf1df_6.0.7601.17514_none_fa396087175ac9ac\COMCTL32.dll
0x000007fefa4b0000 - 0x000007fefa4c8000 	C:\Windows\system32\DWMAPI.DLL
0x000007fefa890000 - 0x000007fefa8e6000 	C:\Windows\system32\uxtheme.dll
0x0000000011320000 - 0x0000000011366000 	C:\Program Files (x86)\NetSupport\NetSupport School\pciappctrl64.dll
0x000007fefc5c0000 - 0x000007fefc5cc000 	C:\Windows\system32\VERSION.dll
0x000007fef5ee0000 - 0x000007fef6005000 	C:\Windows\system32\dbghelp.dll
0x0000000011500000 - 0x0000000011525000 	C:\Program Files (x86)\Common Files\NSL\NSCommonHook64.dll
0x000007fef3b60000 - 0x000007fef3bdf000 	C:\Program Files\Common Files\microsoft shared\ink\tiptsf.dll
0x000007fefde90000 - 0x000007fefdf67000 	C:\Windows\system32\OLEAUT32.dll
0x000007fefd270000 - 0x000007fefd27f000 	C:\Windows\system32\CRYPTBASE.dll
0x000000006d340000 - 0x000000006d3a6000 	C:\Program Files\Java\jdk1.6.0_25\jre\bin\fontmanager.dll
0x000000006d6a0000 - 0x000000006d6b7000 	C:\Program Files\Java\jdk1.6.0_25\jre\bin\net.dll
0x000007feff890000 - 0x000007feff8dd000 	C:\Windows\system32\WS2_32.dll
0x000007fefe440000 - 0x000007fefe448000 	C:\Windows\system32\NSI.dll
0x0000000180000000 - 0x0000000180025000 	C:\Program Files (x86)\Common Files\NSL\nslsp64.dll
0x000007fefcbb0000 - 0x000007fefcc05000 	C:\Windows\system32\mswsock.dll
0x000007fefcba0000 - 0x000007fefcba7000 	C:\Windows\System32\wship6.dll
0x000000006d6c0000 - 0x000000006d6cb000 	C:\Program Files\Java\jdk1.6.0_25\jre\bin\nio.dll

VM Arguments:
jvm_args: -Xdebug -Xrunjdwp:transport=dt_shmem,address=javadebug -Dfile.encoding=UTF-8 
java_command: Game.Tested
Launcher Type: SUN_STANDARD

Environment Variables:
CLASSPATH=.;C:\Program Files (x86)\QuickTime\QTSystem\QTJava.zip
PATH=C:\Program Files\Common Files\Microsoft Shared\Windows Live;C:\Windows\system32;C:\Windows;C:\Windows\System32\Wbem;C:\Windows\System32\WindowsPowerShell\v1.0\;C:\Program Files (x86)\Common Files\Roxio Shared\DLLShared\;C:\Program Files (x86)\Common Files\Roxio Shared\10.0\DLLShared\;C:\Program Files (x86)\QuickTime\QTSystem\;C:\Program Files\Microsoft SQL Server\110\Tools\Binn\;C:\Program Files\Microsoft\Web Platform Installer\;C:\Program Files (x86)\Microsoft ASP.NET\ASP.NET Web Pages\v1.0\;C:\Program Files (x86)\Elan Speech\Speech Engine SDK\APIs\NSCAPI
USERNAME=f.harz
OS=Windows_NT
PROCESSOR_IDENTIFIER=Intel64 Family 6 Model 42 Stepping 7, GenuineIntel



---------------  S Y S T E M  ---------------

OS: Windows 7 Build 7601 Service Pack 1

CPU:total 4 (4 cores per cpu, 1 threads per core) family 6 model 42 stepping 7, cmov, cx8, fxsr, mmx, sse, sse2, sse3, ssse3, sse4.1, sse4.2, popcnt

Memory: 4k page, physical 4072500k(991824k free), swap 8143136k(4864596k free)

vm_info: Java HotSpot(TM) 64-Bit Server VM (20.0-b11) for windows-amd64 JRE (1.6.0_25-b06), built on Apr 14 2011 00:44:38 by "java_re" with MS VC++ 8.0 (VS2005)

time: Wed Apr 22 12:41:02 2015
elapsed time: 136 seconds

