#
# A fatal error has been detected by the Java Runtime Environment:
#
#  EXCEPTION_ACCESS_VIOLATION (0xc0000005) at pc=0x000000006d1037ff, pid=3540, tid=6120
#
# JRE version: 6.0_25-b06
# Java VM: Java HotSpot(TM) 64-Bit Server VM (20.0-b11 mixed mode windows-amd64 compressed oops)
# Problematic frame:
# C  [awt.dll+0x637ff]
#
# If you would like to submit a bug report, please visit:
#   http://java.sun.com/webapps/bugreport/crash.jsp
# The crash happened outside the Java Virtual Machine in native code.
# See problematic frame for where to report the bug.
#

---------------  T H R E A D  ---------------

Current thread (0x0000000006605800):  JavaThread "AWT-EventQueue-0" [_thread_in_native, id=6120, stack(0x00000000076d0000,0x00000000077d0000)]

siginfo: ExceptionCode=0xc0000005, reading address 0x0000000008cc1e90

Registers:
RAX=0x0000000008cc1e70, RBX=0x00000000066059d0, RCX=0x00000000066059d0, RDX=0x00000000077ce5b0
RSP=0x00000000077ce230, RBP=0x000000006d20c1e8, RSI=0x00000000077ce5b0, RDI=0x0000000008cc1e70
R8 =0x0000000000000042, R9 =0x00000000ed5c11c8, R10=0x0000000000000008, R11=0x000000006dfcb618
R12=0x00000000077ce5b0, R13=0x00000000077ce5a8, R14=0x00000000077ce5b8, R15=0x0000000006605800
RIP=0x000000006d1037ff, EFLAGS=0x0000000000010202

Top of Stack: (sp=0x00000000077ce230)
0x00000000077ce230:   00000000064f7338 00000000064f6f60
0x00000000077ce240:   00014aaaaab3333c 000000006de559a0
0x00000000077ce250:   00000000064f73d0 000000006d0a1feb
0x00000000077ce260:   000000000000001f 00000000066059d0
0x00000000077ce270:   00000000077ce598 00000000077ce5a0
0x00000000077ce280:   00000000064f6f60 0000006800000003
0x00000000077ce290:   000000006de43cb8 0000000000000000
0x00000000077ce2a0:   0000000000000000 0000000000000000
0x00000000077ce2b0:   0000000000000000 0000014000000140
0x00000000077ce2c0:   0000000000000000 0000000000000000
0x00000000077ce2d0:   0000000000000000 000000006d000000
0x00000000077ce2e0:   00000000077ce290 0000000002430620
0x00000000077ce2f0:   0000000000000000 00000000024306b4
0x00000000077ce300:   0000000002430a20 0000000000000000
0x00000000077ce310:   0000000000000000 0000000000000000
0x00000000077ce320:   0000000002430620 0000000006010000 

Instructions: (pc=0x000000006d1037ff)
0x000000006d1037df:   4c 8d 05 c2 26 0a 00 48 8b cb ff 50 70 eb 22 48
0x000000006d1037ef:   8d 15 9b 26 0a 00 48 8b cb e8 c9 e6 09 00 eb 11
0x000000006d1037ff:   48 8b 40 20 48 85 c0 74 08 48 8b d7 48 8b cb ff
0x000000006d10380f:   d0 48 8b 74 24 40 48 8b 5c 24 38 48 8b c7 48 8b 


Register to memory mapping:

RAX=0x0000000008cc1e70 is an unknown value
RBX=0x00000000066059d0 is an unknown value
RCX=0x00000000066059d0 is an unknown value
RDX=0x00000000077ce5b0 is pointing into the stack for thread: 0x0000000006605800
RSP=0x00000000077ce230 is pointing into the stack for thread: 0x0000000006605800
RBP=0x000000006d20c1e8 is an unknown value
RSI=0x00000000077ce5b0 is pointing into the stack for thread: 0x0000000006605800
RDI=0x0000000008cc1e70 is an unknown value
R8 =0x0000000000000042 is an unknown value
R9 =0x00000000ed5c11c8 is an oop
sun.awt.image.BufImgSurfaceData 
 - klass: 'sun/awt/image/BufImgSurfaceData'
R10=0x0000000000000008 is an unknown value
R11=0x000000006dfcb618 is an unknown value
R12=0x00000000077ce5b0 is pointing into the stack for thread: 0x0000000006605800
R13=0x00000000077ce5a8 is pointing into the stack for thread: 0x0000000006605800
R14=0x00000000077ce5b8 is pointing into the stack for thread: 0x0000000006605800
R15=0x0000000006605800 is a thread


Stack: [0x00000000076d0000,0x00000000077d0000],  sp=0x00000000077ce230,  free space=1016k
Native frames: (J=compiled Java code, j=interpreted, Vv=VM code, C=native code)
C  [awt.dll+0x637ff]  SurfaceData_GetOps+0xbf

Java frames: (J=compiled Java code, j=interpreted, Vv=VM code)
j  sun.java2d.loops.Blit.Blit(Lsun/java2d/SurfaceData;Lsun/java2d/SurfaceData;Ljava/awt/Composite;Lsun/java2d/pipe/Region;IIIIII)V+0
j  sun.java2d.pipe.DrawImage.blitSurfaceData(Lsun/java2d/SunGraphics2D;Lsun/java2d/pipe/Region;Lsun/java2d/SurfaceData;Lsun/java2d/SurfaceData;Lsun/java2d/loops/SurfaceType;Lsun/java2d/loops/SurfaceType;IIIIIILjava/awt/Color;)V+97
j  sun.java2d.pipe.DrawImage.renderImageCopy(Lsun/java2d/SunGraphics2D;Ljava/awt/Image;Ljava/awt/Color;IIIIII)Z+75
j  sun.java2d.pipe.DrawImage.copyImage(Lsun/java2d/SunGraphics2D;Ljava/awt/Image;IILjava/awt/Color;)Z+45
j  sun.java2d.pipe.DrawImage.copyImage(Lsun/java2d/SunGraphics2D;Ljava/awt/Image;IILjava/awt/Color;Ljava/awt/image/ImageObserver;)Z+15
j  sun.java2d.pipe.ValidatePipe.copyImage(Lsun/java2d/SunGraphics2D;Ljava/awt/Image;IILjava/awt/Color;Ljava/awt/image/ImageObserver;)Z+21
j  sun.java2d.SunGraphics2D.drawImage(Ljava/awt/Image;IILjava/awt/Color;Ljava/awt/image/ImageObserver;)Z+18
j  sun.java2d.SunGraphics2D.drawImage(Ljava/awt/Image;IILjava/awt/image/ImageObserver;)Z+7
j  Game.Map.build()V+127
j  Game.Tested.<init>()V+37
j  Game.Tested$5.run()V+4
j  java.awt.event.InvocationEvent.dispatch()V+47
j  java.awt.EventQueue.dispatchEventImpl(Ljava/awt/AWTEvent;Ljava/lang/Object;)V+21
j  java.awt.EventQueue.access$000(Ljava/awt/EventQueue;Ljava/awt/AWTEvent;Ljava/lang/Object;)V+3
j  java.awt.EventQueue$1.run()Ljava/lang/Void;+12
j  java.awt.EventQueue$1.run()Ljava/lang/Object;+1
v  ~StubRoutines::call_stub
j  java.security.AccessController.doPrivileged(Ljava/security/PrivilegedAction;Ljava/security/AccessControlContext;)Ljava/lang/Object;+0
j  java.security.AccessControlContext$1.doIntersectionPrivilege(Ljava/security/PrivilegedAction;Ljava/security/AccessControlContext;Ljava/security/AccessControlContext;)Ljava/lang/Object;+28
j  java.awt.EventQueue.dispatchEvent(Ljava/awt/AWTEvent;)V+46
j  java.awt.EventDispatchThread.pumpOneEventForFilters(I)Z+204
j  java.awt.EventDispatchThread.pumpEventsForFilter(ILjava/awt/Conditional;Ljava/awt/EventFilter;)V+30
j  java.awt.EventDispatchThread.pumpEventsForHierarchy(ILjava/awt/Conditional;Ljava/awt/Component;)V+11
j  java.awt.EventDispatchThread.pumpEvents(ILjava/awt/Conditional;)V+4
j  java.awt.EventDispatchThread.pumpEvents(Ljava/awt/Conditional;)V+3
j  java.awt.EventDispatchThread.run()V+9
v  ~StubRoutines::call_stub

---------------  P R O C E S S  ---------------

Java Threads: ( => current thread )
  0x00000000001fb800 JavaThread "DestroyJavaVM" [_thread_blocked, id=3076, stack(0x0000000000460000,0x0000000000560000)]
=>0x0000000006605800 JavaThread "AWT-EventQueue-0" [_thread_in_native, id=6120, stack(0x00000000076d0000,0x00000000077d0000)]
  0x0000000006518800 JavaThread "AWT-Windows" daemon [_thread_in_native, id=4268, stack(0x0000000007190000,0x0000000007290000)]
  0x0000000006516800 JavaThread "AWT-Shutdown" [_thread_blocked, id=4676, stack(0x0000000007090000,0x0000000007190000)]
  0x0000000006532000 JavaThread "Java2D Disposer" daemon [_thread_blocked, id=4212, stack(0x0000000006f90000,0x0000000007090000)]
  0x00000000064d8800 JavaThread "Low Memory Detector" daemon [_thread_blocked, id=5548, stack(0x0000000006a60000,0x0000000006b60000)]
  0x00000000064cc000 JavaThread "C2 CompilerThread1" daemon [_thread_blocked, id=1488, stack(0x0000000006960000,0x0000000006a60000)]
  0x00000000064b7000 JavaThread "C2 CompilerThread0" daemon [_thread_blocked, id=5980, stack(0x0000000006860000,0x0000000006960000)]
  0x00000000064b4000 JavaThread "Attach Listener" daemon [_thread_blocked, id=3660, stack(0x0000000006760000,0x0000000006860000)]
  0x00000000064af000 JavaThread "Signal Dispatcher" daemon [_thread_blocked, id=6100, stack(0x0000000006660000,0x0000000006760000)]
  0x00000000002f6800 JavaThread "Finalizer" daemon [_thread_blocked, id=5928, stack(0x0000000006360000,0x0000000006460000)]
  0x00000000002f5000 JavaThread "Reference Handler" daemon [_thread_blocked, id=2584, stack(0x0000000006260000,0x0000000006360000)]

Other Threads:
  0x00000000002ec800 VMThread [stack: 0x0000000006160000,0x0000000006260000] [id=5352]
  0x00000000064ee000 WatcherThread [stack: 0x0000000006b60000,0x0000000006c60000] [id=3428]

VM state:not at safepoint (normal execution)

VM Mutex/Monitor currently owned by a thread: None

Heap
 PSYoungGen      total 34496K, used 21617K [0x00000000eb400000, 0x00000000ed840000, 0x0000000100000000)
  eden space 31872K, 59% used [0x00000000eb400000,0x00000000ec68e3f8,0x00000000ed320000)
  from space 2624K, 99% used [0x00000000ed5b0000,0x00000000ed83e310,0x00000000ed840000)
  to   space 2624K, 0% used [0x00000000ed320000,0x00000000ed320000,0x00000000ed5b0000)
 PSOldGen        total 42496K, used 22350K [0x00000000c1c00000, 0x00000000c4580000, 0x00000000eb400000)
  object space 42496K, 52% used [0x00000000c1c00000,0x00000000c31d38c8,0x00000000c4580000)
 PSPermGen       total 21248K, used 15366K [0x00000000bca00000, 0x00000000bdec0000, 0x00000000c1c00000)
  object space 21248K, 72% used [0x00000000bca00000,0x00000000bd901918,0x00000000bdec0000)

Code Cache  [0x00000000023e0000, 0x0000000002650000, 0x00000000053e0000)
 total_blobs=603 nmethods=203 adapters=353 free_code_cache=49203968 largest_free_block=6272

Dynamic libraries:
0x0000000000400000 - 0x000000000042e000 	C:\Program Files\Java\jdk1.6.0_25\bin\java.exe
0x0000000077650000 - 0x00000000777f9000 	C:\Windows\SYSTEM32\ntdll.dll
0x0000000077530000 - 0x000000007764f000 	C:\Windows\system32\kernel32.dll
0x000007fefd6b0000 - 0x000007fefd71c000 	C:\Windows\system32\KERNELBASE.dll
0x000007fefe470000 - 0x000007fefe54b000 	C:\Windows\system32\ADVAPI32.dll
0x000007fefddf0000 - 0x000007fefde8f000 	C:\Windows\system32\msvcrt.dll
0x000007fefe450000 - 0x000007fefe46f000 	C:\Windows\SYSTEM32\sechost.dll
0x000007fefe060000 - 0x000007fefe18d000 	C:\Windows\system32\RPCRT4.dll
0x000000006d890000 - 0x000000006e048000 	C:\Program Files\Java\jdk1.6.0_25\jre\bin\server\jvm.dll
0x0000000077430000 - 0x000000007752a000 	C:\Windows\system32\USER32.dll
0x000007fefdbf0000 - 0x000007fefdc57000 	C:\Windows\system32\GDI32.dll
0x000007fefe550000 - 0x000007fefe55e000 	C:\Windows\system32\LPK.dll
0x000007fefd8e0000 - 0x000007fefd9a9000 	C:\Windows\system32\USP10.dll
0x000007fef9c70000 - 0x000007fef9cab000 	C:\Windows\system32\WINMM.dll
0x000007fefdf70000 - 0x000007fefdf9e000 	C:\Windows\system32\IMM32.DLL
0x000007fefd7d0000 - 0x000007fefd8d9000 	C:\Windows\system32\MSCTF.dll
0x000000006d800000 - 0x000000006d80e000 	C:\Program Files\Java\jdk1.6.0_25\jre\bin\verify.dll
0x000000006d450000 - 0x000000006d477000 	C:\Program Files\Java\jdk1.6.0_25\jre\bin\java.dll
0x0000000077810000 - 0x0000000077817000 	C:\Windows\system32\PSAPI.DLL
0x000000006d850000 - 0x000000006d862000 	C:\Program Files\Java\jdk1.6.0_25\jre\bin\zip.dll
0x000000006d0a0000 - 0x000000006d263000 	C:\Program Files\Java\jdk1.6.0_25\jre\bin\awt.dll
0x000007fef94b0000 - 0x000007fef9521000 	C:\Windows\system32\WINSPOOL.DRV
0x000007fefe230000 - 0x000007fefe433000 	C:\Windows\system32\ole32.dll
0x000007fefeb00000 - 0x000007feff888000 	C:\Windows\system32\SHELL32.dll
0x000007fefea80000 - 0x000007fefeaf1000 	C:\Windows\system32\SHLWAPI.dll
0x000007fefa930000 - 0x000007fefab24000 	C:\Windows\WinSxS\amd64_microsoft.windows.common-controls_6595b64144ccf1df_6.0.7601.17514_none_fa396087175ac9ac\COMCTL32.dll
0x000007fefa4b0000 - 0x000007fefa4c8000 	C:\Windows\system32\DWMAPI.DLL
0x000007fefa890000 - 0x000007fefa8e6000 	C:\Windows\system32\uxtheme.dll
0x0000000011320000 - 0x0000000011366000 	C:\Program Files (x86)\NetSupport\NetSupport School\pciappctrl64.dll
0x000007fefc5c0000 - 0x000007fefc5cc000 	C:\Windows\system32\VERSION.dll
0x000007fef5ee0000 - 0x000007fef6005000 	C:\Windows\system32\dbghelp.dll
0x0000000011500000 - 0x0000000011525000 	C:\Program Files (x86)\Common Files\NSL\NSCommonHook64.dll
0x000007fef3b60000 - 0x000007fef3bdf000 	C:\Program Files\Common Files\microsoft shared\ink\tiptsf.dll
0x000007fefde90000 - 0x000007fefdf67000 	C:\Windows\system32\OLEAUT32.dll
0x000007fefd270000 - 0x000007fefd27f000 	C:\Windows\system32\CRYPTBASE.dll
0x000000006d340000 - 0x000000006d3a6000 	C:\Program Files\Java\jdk1.6.0_25\jre\bin\fontmanager.dll
0x000000006d6a0000 - 0x000000006d6b7000 	C:\Program Files\Java\jdk1.6.0_25\jre\bin\net.dll
0x000007feff890000 - 0x000007feff8dd000 	C:\Windows\system32\WS2_32.dll
0x000007fefe440000 - 0x000007fefe448000 	C:\Windows\system32\NSI.dll
0x0000000180000000 - 0x0000000180025000 	C:\Program Files (x86)\Common Files\NSL\nslsp64.dll
0x000007fefcbb0000 - 0x000007fefcc05000 	C:\Windows\system32\mswsock.dll
0x000007fefcba0000 - 0x000007fefcba7000 	C:\Windows\System32\wship6.dll
0x000000006d6c0000 - 0x000000006d6cb000 	C:\Program Files\Java\jdk1.6.0_25\jre\bin\nio.dll

VM Arguments:
jvm_args: -Dfile.encoding=UTF-8 
java_command: Game.Tested
Launcher Type: SUN_STANDARD

Environment Variables:
CLASSPATH=.;C:\Program Files (x86)\QuickTime\QTSystem\QTJava.zip
PATH=C:\Program Files\Common Files\Microsoft Shared\Windows Live;C:\Windows\system32;C:\Windows;C:\Windows\System32\Wbem;C:\Windows\System32\WindowsPowerShell\v1.0\;C:\Program Files (x86)\Common Files\Roxio Shared\DLLShared\;C:\Program Files (x86)\Common Files\Roxio Shared\10.0\DLLShared\;C:\Program Files (x86)\QuickTime\QTSystem\;C:\Program Files\Microsoft SQL Server\110\Tools\Binn\;C:\Program Files\Microsoft\Web Platform Installer\;C:\Program Files (x86)\Microsoft ASP.NET\ASP.NET Web Pages\v1.0\;C:\Program Files (x86)\Elan Speech\Speech Engine SDK\APIs\NSCAPI
USERNAME=f.harz
OS=Windows_NT
PROCESSOR_IDENTIFIER=Intel64 Family 6 Model 42 Stepping 7, GenuineIntel



---------------  S Y S T E M  ---------------

OS: Windows 7 Build 7601 Service Pack 1

CPU:total 4 (4 cores per cpu, 1 threads per core) family 6 model 42 stepping 7, cmov, cx8, fxsr, mmx, sse, sse2, sse3, ssse3, sse4.1, sse4.2, popcnt

Memory: 4k page, physical 4072500k(1190968k free), swap 8143136k(5076264k free)

vm_info: Java HotSpot(TM) 64-Bit Server VM (20.0-b11) for windows-amd64 JRE (1.6.0_25-b06), built on Apr 14 2011 00:44:38 by "java_re" with MS VC++ 8.0 (VS2005)

time: Wed Apr 22 12:26:49 2015
elapsed time: 1 seconds

