#
# A fatal error has been detected by the Java Runtime Environment:
#
#  EXCEPTION_ACCESS_VIOLATION (0xc0000005) at pc=0x000000006d1037ff, pid=4532, tid=5620
#
# JRE version: 6.0_25-b06
# Java VM: Java HotSpot(TM) 64-Bit Server VM (20.0-b11 mixed mode windows-amd64 compressed oops)
# Problematic frame:
# C  [awt.dll+0x637ff]
#
# If you would like to submit a bug report, please visit:
#   http://java.sun.com/webapps/bugreport/crash.jsp
# The crash happened outside the Java Virtual Machine in native code.
# See problematic frame for where to report the bug.
#

---------------  T H R E A D  ---------------

Current thread (0x0000000006649800):  JavaThread "AWT-EventQueue-0" [_thread_in_native, id=5620, stack(0x0000000007e40000,0x0000000007f40000)]

siginfo: ExceptionCode=0xc0000005, reading address 0x00000000087e3790

Registers:
RAX=0x00000000087e3770, RBX=0x00000000066499d0, RCX=0x0000000000000000, RDX=0x00000000ed5f37f8
RSP=0x0000000007f3e090, RBP=0x000000006d20c1e8, RSI=0x0000000007f3e410, RDI=0x00000000087e3770
R8 =0x0000000000000042, R9 =0x00000000bd75f7c0, R10=0x00000000024f79b2, R11=0x0000000007f3e2e8
R12=0x0000000007f3e410, R13=0x0000000007f3e408, R14=0x0000000007f3e418, R15=0x0000000006649800
RIP=0x000000006d1037ff, EFLAGS=0x0000000000010202

Top of Stack: (sp=0x0000000007f3e090)
0x0000000007f3e090:   00000000066499d0 000000006d20c1e8
0x0000000007f3e0a0:   0000000007f3e410 0000000007f3e400
0x0000000007f3e0b0:   000000000652bbc0 000000006d0a1feb
0x0000000007f3e0c0:   000000000000001f 00000000066499d0
0x0000000007f3e0d0:   0000000007f3e3f8 0000000007f3e400
0x0000000007f3e0e0:   000000000652b750 0000006800000003
0x0000000007f3e0f0:   000000006de43cb8 0000000000000000
0x0000000007f3e100:   0000000000000000 0000000000000000
0x0000000007f3e110:   0000000000000000 0000014000000140
0x0000000007f3e120:   0000000000000000 0000000000000000
0x0000000007f3e130:   0000000000000000 000000006d000000
0x0000000007f3e140:   0000000007f3e0f0 0000000002530620
0x0000000007f3e150:   0000000000000000 00000000025306b4
0x0000000007f3e160:   0000000002530a20 0000000000000000
0x0000000007f3e170:   0000000000000000 0000000000000000
0x0000000007f3e180:   0000000002530620 0000000006010000 

Instructions: (pc=0x000000006d1037ff)
0x000000006d1037df:   4c 8d 05 c2 26 0a 00 48 8b cb ff 50 70 eb 22 48
0x000000006d1037ef:   8d 15 9b 26 0a 00 48 8b cb e8 c9 e6 09 00 eb 11
0x000000006d1037ff:   48 8b 40 20 48 85 c0 74 08 48 8b d7 48 8b cb ff
0x000000006d10380f:   d0 48 8b 74 24 40 48 8b 5c 24 38 48 8b c7 48 8b 


Register to memory mapping:

RAX=0x00000000087e3770 is an unknown value
RBX=0x00000000066499d0 is an unknown value
RCX=0x0000000000000000 is an unknown value
RDX=0x00000000ed5f37f8 is an oop
sun.awt.image.BufImgSurfaceData 
 - klass: 'sun/awt/image/BufImgSurfaceData'
RSP=0x0000000007f3e090 is pointing into the stack for thread: 0x0000000006649800
RBP=0x000000006d20c1e8 is an unknown value
RSI=0x0000000007f3e410 is pointing into the stack for thread: 0x0000000006649800
RDI=0x00000000087e3770 is an unknown value
R8 =0x0000000000000042 is an unknown value
R9 =0x00000000bd75f7c0 is an oop
{instance class} 
 - klass: {other class}
R10=0x00000000024f79b2 is an Interpreter codelet
method entry point (kind = native)  [0x00000000024f74c0, 0x00000000024f8380]  3776 bytes
R11=0x0000000007f3e2e8 is pointing into the stack for thread: 0x0000000006649800
R12=0x0000000007f3e410 is pointing into the stack for thread: 0x0000000006649800
R13=0x0000000007f3e408 is pointing into the stack for thread: 0x0000000006649800
R14=0x0000000007f3e418 is pointing into the stack for thread: 0x0000000006649800
R15=0x0000000006649800 is a thread


Stack: [0x0000000007e40000,0x0000000007f40000],  sp=0x0000000007f3e090,  free space=1016k
Native frames: (J=compiled Java code, j=interpreted, Vv=VM code, C=native code)
C  [awt.dll+0x637ff]  SurfaceData_GetOps+0xbf

Java frames: (J=compiled Java code, j=interpreted, Vv=VM code)
j  sun.java2d.loops.Blit.Blit(Lsun/java2d/SurfaceData;Lsun/java2d/SurfaceData;Ljava/awt/Composite;Lsun/java2d/pipe/Region;IIIIII)V+0
j  sun.java2d.pipe.DrawImage.blitSurfaceData(Lsun/java2d/SunGraphics2D;Lsun/java2d/pipe/Region;Lsun/java2d/SurfaceData;Lsun/java2d/SurfaceData;Lsun/java2d/loops/SurfaceType;Lsun/java2d/loops/SurfaceType;IIIIIILjava/awt/Color;)V+97
j  sun.java2d.pipe.DrawImage.renderImageCopy(Lsun/java2d/SunGraphics2D;Ljava/awt/Image;Ljava/awt/Color;IIIIII)Z+75
j  sun.java2d.pipe.DrawImage.copyImage(Lsun/java2d/SunGraphics2D;Ljava/awt/Image;IILjava/awt/Color;)Z+45
j  sun.java2d.pipe.DrawImage.copyImage(Lsun/java2d/SunGraphics2D;Ljava/awt/Image;IILjava/awt/Color;Ljava/awt/image/ImageObserver;)Z+15
j  sun.java2d.pipe.ValidatePipe.copyImage(Lsun/java2d/SunGraphics2D;Ljava/awt/Image;IILjava/awt/Color;Ljava/awt/image/ImageObserver;)Z+21
j  sun.java2d.SunGraphics2D.drawImage(Ljava/awt/Image;IILjava/awt/Color;Ljava/awt/image/ImageObserver;)Z+18
j  sun.java2d.SunGraphics2D.drawImage(Ljava/awt/Image;IILjava/awt/image/ImageObserver;)Z+7
j  Game.Map.build()V+127
j  Game.Tested.<init>()V+140
j  Game.Tested$5.run()V+4
j  java.awt.event.InvocationEvent.dispatch()V+47
j  java.awt.EventQueue.dispatchEventImpl(Ljava/awt/AWTEvent;Ljava/lang/Object;)V+21
j  java.awt.EventQueue.access$000(Ljava/awt/EventQueue;Ljava/awt/AWTEvent;Ljava/lang/Object;)V+3
j  java.awt.EventQueue$1.run()Ljava/lang/Void;+12
j  java.awt.EventQueue$1.run()Ljava/lang/Object;+1
v  ~StubRoutines::call_stub
j  java.security.AccessController.doPrivileged(Ljava/security/PrivilegedAction;Ljava/security/AccessControlContext;)Ljava/lang/Object;+0
j  java.security.AccessControlContext$1.doIntersectionPrivilege(Ljava/security/PrivilegedAction;Ljava/security/AccessControlContext;Ljava/security/AccessControlContext;)Ljava/lang/Object;+28
j  java.awt.EventQueue.dispatchEvent(Ljava/awt/AWTEvent;)V+46
j  java.awt.EventDispatchThread.pumpOneEventForFilters(I)Z+204
j  java.awt.EventDispatchThread.pumpEventsForFilter(ILjava/awt/Conditional;Ljava/awt/EventFilter;)V+30
j  java.awt.EventDispatchThread.pumpEventsForHierarchy(ILjava/awt/Conditional;Ljava/awt/Component;)V+11
j  java.awt.EventDispatchThread.pumpEvents(ILjava/awt/Conditional;)V+4
j  java.awt.EventDispatchThread.pumpEvents(Ljava/awt/Conditional;)V+3
j  java.awt.EventDispatchThread.run()V+9
v  ~StubRoutines::call_stub

---------------  P R O C E S S  ---------------

Java Threads: ( => current thread )
  0x000000000664e000 JavaThread "org.netbeans.modules.debugger.jpda.visual AWT Access Loop" daemon [_thread_blocked, id=2168, stack(0x0000000007f40000,0x0000000008040000)]
  0x00000000001fc000 JavaThread "DestroyJavaVM" [_thread_blocked, id=1372, stack(0x00000000023e0000,0x00000000024e0000)]
=>0x0000000006649800 JavaThread "AWT-EventQueue-0" [_thread_in_native, id=5620, stack(0x0000000007e40000,0x0000000007f40000)]
  0x000000000662d800 JavaThread "AWT-Windows" daemon [_thread_in_native, id=4128, stack(0x0000000007410000,0x0000000007510000)]
  0x000000000662b000 JavaThread "AWT-Shutdown" [_thread_blocked, id=5368, stack(0x0000000007310000,0x0000000007410000)]
  0x000000000662a000 JavaThread "Java2D Disposer" daemon [_thread_blocked, id=1728, stack(0x0000000007210000,0x0000000007310000)]
  0x0000000006529000 JavaThread "Low Memory Detector" daemon [_thread_blocked, id=4232, stack(0x0000000006da0000,0x0000000006ea0000)]
  0x000000000651a000 JavaThread "C2 CompilerThread1" daemon [_thread_blocked, id=5856, stack(0x0000000006ca0000,0x0000000006da0000)]
  0x0000000006513800 JavaThread "C2 CompilerThread0" daemon [_thread_blocked, id=3488, stack(0x0000000006ba0000,0x0000000006ca0000)]
  0x0000000006506800 JavaThread "JDWP Command Reader" daemon [_thread_in_native, id=5180, stack(0x0000000006aa0000,0x0000000006ba0000)]
  0x0000000006505000 JavaThread "JDWP Event Helper Thread" daemon [_thread_blocked, id=4644, stack(0x00000000069a0000,0x0000000006aa0000)]
  0x0000000006503000 JavaThread "JDWP Transport Listener: dt_shmem" daemon [_thread_blocked, id=1068, stack(0x00000000068a0000,0x00000000069a0000)]
  0x00000000064f4800 JavaThread "Attach Listener" daemon [_thread_blocked, id=2540, stack(0x00000000067a0000,0x00000000068a0000)]
  0x00000000064ef000 JavaThread "Signal Dispatcher" daemon [_thread_blocked, id=5380, stack(0x00000000066a0000,0x00000000067a0000)]
  0x0000000000526800 JavaThread "Finalizer" daemon [_thread_blocked, id=5404, stack(0x00000000063a0000,0x00000000064a0000)]
  0x0000000000525800 JavaThread "Reference Handler" daemon [_thread_blocked, id=6004, stack(0x00000000062a0000,0x00000000063a0000)]

Other Threads:
  0x000000000051f000 VMThread [stack: 0x00000000061a0000,0x00000000062a0000] [id=5676]
  0x0000000006539800 WatcherThread [stack: 0x0000000006ea0000,0x0000000006fa0000] [id=3856]

VM state:not at safepoint (normal execution)

VM Mutex/Monitor currently owned by a thread: None

Heap
 PSYoungGen      total 34496K, used 29898K [0x00000000eb400000, 0x00000000ed840000, 0x0000000100000000)
  eden space 31872K, 85% used [0x00000000eb400000,0x00000000eceaab50,0x00000000ed320000)
  from space 2624K, 98% used [0x00000000ed5b0000,0x00000000ed838010,0x00000000ed840000)
  to   space 2624K, 0% used [0x00000000ed320000,0x00000000ed320000,0x00000000ed5b0000)
 PSOldGen        total 42496K, used 21704K [0x00000000c1c00000, 0x00000000c4580000, 0x00000000eb400000)
  object space 42496K, 51% used [0x00000000c1c00000,0x00000000c31320c8,0x00000000c4580000)
 PSPermGen       total 21248K, used 16476K [0x00000000bca00000, 0x00000000bdec0000, 0x00000000c1c00000)
  object space 21248K, 77% used [0x00000000bca00000,0x00000000bda170e0,0x00000000bdec0000)

Code Cache  [0x00000000024e0000, 0x0000000002750000, 0x00000000054e0000)
 total_blobs=618 nmethods=219 adapters=360 free_code_cache=48913856 largest_free_block=17536

Dynamic libraries:
0x0000000000400000 - 0x000000000042e000 	C:\Program Files\Java\jdk1.6.0_25\bin\java.exe
0x0000000077650000 - 0x00000000777f9000 	C:\Windows\SYSTEM32\ntdll.dll
0x0000000077530000 - 0x000000007764f000 	C:\Windows\system32\kernel32.dll
0x000007fefd6b0000 - 0x000007fefd71c000 	C:\Windows\system32\KERNELBASE.dll
0x000007fefe470000 - 0x000007fefe54b000 	C:\Windows\system32\ADVAPI32.dll
0x000007fefddf0000 - 0x000007fefde8f000 	C:\Windows\system32\msvcrt.dll
0x000007fefe450000 - 0x000007fefe46f000 	C:\Windows\SYSTEM32\sechost.dll
0x000007fefe060000 - 0x000007fefe18d000 	C:\Windows\system32\RPCRT4.dll
0x000000006d890000 - 0x000000006e048000 	C:\Program Files\Java\jdk1.6.0_25\jre\bin\server\jvm.dll
0x0000000077430000 - 0x000000007752a000 	C:\Windows\system32\USER32.dll
0x000007fefdbf0000 - 0x000007fefdc57000 	C:\Windows\system32\GDI32.dll
0x000007fefe550000 - 0x000007fefe55e000 	C:\Windows\system32\LPK.dll
0x000007fefd8e0000 - 0x000007fefd9a9000 	C:\Windows\system32\USP10.dll
0x000007fef9c70000 - 0x000007fef9cab000 	C:\Windows\system32\WINMM.dll
0x000007fefdf70000 - 0x000007fefdf9e000 	C:\Windows\system32\IMM32.DLL
0x000007fefd7d0000 - 0x000007fefd8d9000 	C:\Windows\system32\MSCTF.dll
0x000000006d800000 - 0x000000006d80e000 	C:\Program Files\Java\jdk1.6.0_25\jre\bin\verify.dll
0x000000006d450000 - 0x000000006d477000 	C:\Program Files\Java\jdk1.6.0_25\jre\bin\java.dll
0x0000000077810000 - 0x0000000077817000 	C:\Windows\system32\PSAPI.DLL
0x000000006d4c0000 - 0x000000006d4f4000 	C:\Program Files\Java\jdk1.6.0_25\jre\bin\jdwp.dll
0x000000006d6d0000 - 0x000000006d6d8000 	C:\Program Files\Java\jdk1.6.0_25\jre\bin\npt.dll
0x000000006d850000 - 0x000000006d862000 	C:\Program Files\Java\jdk1.6.0_25\jre\bin\zip.dll
0x000000006d300000 - 0x000000006d30a000 	C:\Program Files\Java\jdk1.6.0_25\jre\bin\dt_shmem.dll
0x000000006d0a0000 - 0x000000006d263000 	C:\Program Files\Java\jdk1.6.0_25\jre\bin\awt.dll
0x000007fef94b0000 - 0x000007fef9521000 	C:\Windows\system32\WINSPOOL.DRV
0x000007fefe230000 - 0x000007fefe433000 	C:\Windows\system32\ole32.dll
0x000007fefeb00000 - 0x000007feff888000 	C:\Windows\system32\SHELL32.dll
0x000007fefea80000 - 0x000007fefeaf1000 	C:\Windows\system32\SHLWAPI.dll
0x000007fefa930000 - 0x000007fefab24000 	C:\Windows\WinSxS\amd64_microsoft.windows.common-controls_6595b64144ccf1df_6.0.7601.17514_none_fa396087175ac9ac\COMCTL32.dll
0x000007fefa4b0000 - 0x000007fefa4c8000 	C:\Windows\system32\DWMAPI.DLL
0x000007fefa890000 - 0x000007fefa8e6000 	C:\Windows\system32\uxtheme.dll
0x0000000011320000 - 0x0000000011366000 	C:\Program Files (x86)\NetSupport\NetSupport School\pciappctrl64.dll
0x000007fefc5c0000 - 0x000007fefc5cc000 	C:\Windows\system32\VERSION.dll
0x000007fef5ee0000 - 0x000007fef6005000 	C:\Windows\system32\dbghelp.dll
0x0000000011500000 - 0x0000000011525000 	C:\Program Files (x86)\Common Files\NSL\NSCommonHook64.dll
0x000007fef3b60000 - 0x000007fef3bdf000 	C:\Program Files\Common Files\microsoft shared\ink\tiptsf.dll
0x000007fefde90000 - 0x000007fefdf67000 	C:\Windows\system32\OLEAUT32.dll
0x000007fefd270000 - 0x000007fefd27f000 	C:\Windows\system32\CRYPTBASE.dll
0x000000006d340000 - 0x000000006d3a6000 	C:\Program Files\Java\jdk1.6.0_25\jre\bin\fontmanager.dll
0x000000006d6a0000 - 0x000000006d6b7000 	C:\Program Files\Java\jdk1.6.0_25\jre\bin\net.dll
0x000007feff890000 - 0x000007feff8dd000 	C:\Windows\system32\WS2_32.dll
0x000007fefe440000 - 0x000007fefe448000 	C:\Windows\system32\NSI.dll
0x0000000180000000 - 0x0000000180025000 	C:\Program Files (x86)\Common Files\NSL\nslsp64.dll
0x000007fefcbb0000 - 0x000007fefcc05000 	C:\Windows\system32\mswsock.dll
0x000007fefcba0000 - 0x000007fefcba7000 	C:\Windows\System32\wship6.dll
0x000000006d6c0000 - 0x000000006d6cb000 	C:\Program Files\Java\jdk1.6.0_25\jre\bin\nio.dll
0x000007fefcc10000 - 0x000007fefcc28000 	C:\Windows\system32\CRYPTSP.dll
0x000007fefc910000 - 0x000007fefc957000 	C:\Windows\system32\rsaenh.dll
0x000007fefd690000 - 0x000007fefd6ae000 	C:\Windows\system32\USERENV.dll
0x000007fefd420000 - 0x000007fefd42f000 	C:\Windows\system32\profapi.dll
0x000007fefab30000 - 0x000007fefab45000 	C:\Windows\system32\NLAapi.dll
0x000007fef9710000 - 0x000007fef9725000 	C:\Windows\system32\napinsp.dll
0x000007fef9730000 - 0x000007fef9749000 	C:\Windows\system32\pnrpnsp.dll
0x000007fefca30000 - 0x000007fefca8b000 	C:\Windows\system32\DNSAPI.dll
0x000007fef9700000 - 0x000007fef970b000 	C:\Windows\System32\winrnr.dll
0x0000000075090000 - 0x00000000750c5000 	C:\Program Files\Bonjour\mdnsNSP.dll
0x000007fef9e30000 - 0x000007fef9e57000 	C:\Windows\system32\Iphlpapi.DLL
0x000007fef9e20000 - 0x000007fef9e2b000 	C:\Windows\system32\WINNSI.DLL
0x0000000075060000 - 0x000000007508e000 	C:\Program Files\Common Files\Microsoft Shared\Windows Live\WLIDNSP.DLL
0x000007fefc5a0000 - 0x000007fefc5a7000 	C:\Windows\System32\wshtcpip.dll
0x000007fef9750000 - 0x000007fef9758000 	C:\Windows\system32\rasadhlp.dll
0x000007fef9cc0000 - 0x000007fef9d13000 	C:\Windows\System32\fwpuclnt.dll

VM Arguments:
jvm_args: -Xdebug -Xrunjdwp:transport=dt_shmem,address=javadebug -Dfile.encoding=UTF-8 
java_command: Game.Tested
Launcher Type: SUN_STANDARD

Environment Variables:
CLASSPATH=.;C:\Program Files (x86)\QuickTime\QTSystem\QTJava.zip
PATH=C:\Program Files\Common Files\Microsoft Shared\Windows Live;C:\Windows\system32;C:\Windows;C:\Windows\System32\Wbem;C:\Windows\System32\WindowsPowerShell\v1.0\;C:\Program Files (x86)\Common Files\Roxio Shared\DLLShared\;C:\Program Files (x86)\Common Files\Roxio Shared\10.0\DLLShared\;C:\Program Files (x86)\QuickTime\QTSystem\;C:\Program Files\Microsoft SQL Server\110\Tools\Binn\;C:\Program Files\Microsoft\Web Platform Installer\;C:\Program Files (x86)\Microsoft ASP.NET\ASP.NET Web Pages\v1.0\;C:\Program Files (x86)\Elan Speech\Speech Engine SDK\APIs\NSCAPI
USERNAME=f.harz
OS=Windows_NT
PROCESSOR_IDENTIFIER=Intel64 Family 6 Model 42 Stepping 7, GenuineIntel



---------------  S Y S T E M  ---------------

OS: Windows 7 Build 7601 Service Pack 1

CPU:total 4 (4 cores per cpu, 1 threads per core) family 6 model 42 stepping 7, cmov, cx8, fxsr, mmx, sse, sse2, sse3, ssse3, sse4.1, sse4.2, popcnt

Memory: 4k page, physical 4072500k(875032k free), swap 8143136k(4618452k free)

vm_info: Java HotSpot(TM) 64-Bit Server VM (20.0-b11) for windows-amd64 JRE (1.6.0_25-b06), built on Apr 14 2011 00:44:38 by "java_re" with MS VC++ 8.0 (VS2005)

time: Wed Apr 22 13:06:28 2015
elapsed time: 193 seconds

