#
# A fatal error has been detected by the Java Runtime Environment:
#
#  EXCEPTION_ACCESS_VIOLATION (0xc0000005) at pc=0x0000000000000000, pid=3348, tid=1320
#
# JRE version: 6.0_25-b06
# Java VM: Java HotSpot(TM) 64-Bit Server VM (20.0-b11 mixed mode windows-amd64 compressed oops)
# Problematic frame:
# C  0x0000000000000000
#
# If you would like to submit a bug report, please visit:
#   http://java.sun.com/webapps/bugreport/crash.jsp
# The crash happened outside the Java Virtual Machine in native code.
# See problematic frame for where to report the bug.
#

---------------  T H R E A D  ---------------

Current thread (0x0000000006488000):  JavaThread "AWT-EventQueue-0" [_thread_in_native, id=1320, stack(0x0000000007ec0000,0x0000000007fc0000)]

siginfo: ExceptionCode=0xc0000005, ExceptionInformation=0x0000000000000008 0x0000000000000000

Registers:
RAX=0x0000000000000140, RBX=0x00000000064881d0, RCX=0x00000000064881d0, RDX=0x0000000007c16540
RSP=0x0000000007fbe0d8, RBP=0x000000006d20c1e8, RSI=0x00000000004716c0, RDI=0x0000000007c16540
R8 =0x0000000007fbe210, R9 =0x0000000000000001, R10=0x00000000024c79b2, R11=0x0000000007fbe308
R12=0x0000000000000000, R13=0x0000000000000000, R14=0x0000000007fbe438, R15=0x0000000006488000
RIP=0x0000000000000000, EFLAGS=0x0000000000010283

Top of Stack: (sp=0x0000000007fbe0d8)
0x0000000007fbe0d8:   000000006d0a20b3 000000000000001f
0x0000000007fbe0e8:   00000000064881d0 0000000007fbe418
0x0000000007fbe0f8:   0000000007c16540 00000000064c50b0
0x0000000007fbe108:   0000006800000003 000000006de43cb8
0x0000000007fbe118:   0000000000000000 0000000000000000
0x0000000007fbe128:   0000000000000000 0000000000000000
0x0000000007fbe138:   0000014000000140 0000000000000000
0x0000000007fbe148:   0000000000000000 0000000000000000
0x0000000007fbe158:   000000006d000000 0000000007fbe110
0x0000000007fbe168:   0000000002500620 0000000000000000
0x0000000007fbe178:   0000002000000020 0000000002500a20
0x0000000007fbe188:   0000000000000000 0000000000000000
0x0000000007fbe198:   0000000000000000 0000000002500620
0x0000000007fbe1a8:   0000000006010000 0000000007fbe110
0x0000000007fbe1b8:   0000000000000000 0000000000000000
0x0000000007fbe1c8:   0000000000000000 0000000000000000 

Instructions: (pc=0x0000000000000000)
0xffffffffffffffe0:   


Register to memory mapping:

RAX=0x0000000000000140 is an unknown value
RBX=0x00000000064881d0 is an unknown value
RCX=0x00000000064881d0 is an unknown value
RDX=0x0000000007c16540 is an unknown value
RSP=0x0000000007fbe0d8 is pointing into the stack for thread: 0x0000000006488000
RBP=0x000000006d20c1e8 is an unknown value
RSI=0x00000000004716c0 is an unknown value
RDI=0x0000000007c16540 is an unknown value
R8 =0x0000000007fbe210 is pointing into the stack for thread: 0x0000000006488000
R9 =0x0000000000000001 is an unknown value
R10=0x00000000024c79b2 is an Interpreter codelet
method entry point (kind = native)  [0x00000000024c74c0, 0x00000000024c8380]  3776 bytes
R11=0x0000000007fbe308 is pointing into the stack for thread: 0x0000000006488000
R12=0x0000000000000000 is an unknown value
R13=0x0000000000000000 is an unknown value
R14=0x0000000007fbe438 is pointing into the stack for thread: 0x0000000006488000
R15=0x0000000006488000 is a thread


Stack: [0x0000000007ec0000,0x0000000007fc0000],  sp=0x0000000007fbe0d8,  free space=1016k
Java frames: (J=compiled Java code, j=interpreted, Vv=VM code)
j  sun.java2d.loops.Blit.Blit(Lsun/java2d/SurfaceData;Lsun/java2d/SurfaceData;Ljava/awt/Composite;Lsun/java2d/pipe/Region;IIIIII)V+0
j  sun.java2d.pipe.DrawImage.blitSurfaceData(Lsun/java2d/SunGraphics2D;Lsun/java2d/pipe/Region;Lsun/java2d/SurfaceData;Lsun/java2d/SurfaceData;Lsun/java2d/loops/SurfaceType;Lsun/java2d/loops/SurfaceType;IIIIIILjava/awt/Color;)V+97
j  sun.java2d.pipe.DrawImage.renderImageCopy(Lsun/java2d/SunGraphics2D;Ljava/awt/Image;Ljava/awt/Color;IIIIII)Z+75
j  sun.java2d.pipe.DrawImage.copyImage(Lsun/java2d/SunGraphics2D;Ljava/awt/Image;IILjava/awt/Color;)Z+45
j  sun.java2d.pipe.DrawImage.copyImage(Lsun/java2d/SunGraphics2D;Ljava/awt/Image;IILjava/awt/Color;Ljava/awt/image/ImageObserver;)Z+15
j  sun.java2d.pipe.ValidatePipe.copyImage(Lsun/java2d/SunGraphics2D;Ljava/awt/Image;IILjava/awt/Color;Ljava/awt/image/ImageObserver;)Z+21
j  sun.java2d.SunGraphics2D.drawImage(Ljava/awt/Image;IILjava/awt/Color;Ljava/awt/image/ImageObserver;)Z+18
j  sun.java2d.SunGraphics2D.drawImage(Ljava/awt/Image;IILjava/awt/image/ImageObserver;)Z+7
j  Game.Map.build()V+127
j  Game.Tested.<init>()V+37
j  Game.Tested$5.run()V+4
j  java.awt.event.InvocationEvent.dispatch()V+47
j  java.awt.EventQueue.dispatchEventImpl(Ljava/awt/AWTEvent;Ljava/lang/Object;)V+21
j  java.awt.EventQueue.access$000(Ljava/awt/EventQueue;Ljava/awt/AWTEvent;Ljava/lang/Object;)V+3
j  java.awt.EventQueue$1.run()Ljava/lang/Void;+12
j  java.awt.EventQueue$1.run()Ljava/lang/Object;+1
v  ~StubRoutines::call_stub
j  java.security.AccessController.doPrivileged(Ljava/security/PrivilegedAction;Ljava/security/AccessControlContext;)Ljava/lang/Object;+0
j  java.security.AccessControlContext$1.doIntersectionPrivilege(Ljava/security/PrivilegedAction;Ljava/security/AccessControlContext;Ljava/security/AccessControlContext;)Ljava/lang/Object;+28
j  java.awt.EventQueue.dispatchEvent(Ljava/awt/AWTEvent;)V+46
j  java.awt.EventDispatchThread.pumpOneEventForFilters(I)Z+204
j  java.awt.EventDispatchThread.pumpEventsForFilter(ILjava/awt/Conditional;Ljava/awt/EventFilter;)V+30
j  java.awt.EventDispatchThread.pumpEventsForHierarchy(ILjava/awt/Conditional;Ljava/awt/Component;)V+11
j  java.awt.EventDispatchThread.pumpEvents(ILjava/awt/Conditional;)V+4
j  java.awt.EventDispatchThread.pumpEvents(Ljava/awt/Conditional;)V+3
j  java.awt.EventDispatchThread.run()V+9
v  ~StubRoutines::call_stub

---------------  P R O C E S S  ---------------

Java Threads: ( => current thread )
  0x0000000006489800 JavaThread "org.netbeans.modules.debugger.jpda.visual AWT Access Loop" daemon [_thread_blocked, id=5492, stack(0x0000000007fc0000,0x00000000080c0000)]
  0x0000000006489000 JavaThread "DestroyJavaVM" [_thread_blocked, id=5712, stack(0x00000000023b0000,0x00000000024b0000)]
=>0x0000000006488000 JavaThread "AWT-EventQueue-0" [_thread_in_native, id=1320, stack(0x0000000007ec0000,0x0000000007fc0000)]
  0x0000000006487800 JavaThread "AWT-Windows" daemon [_thread_in_native, id=976, stack(0x0000000007520000,0x0000000007620000)]
  0x0000000006487000 JavaThread "AWT-Shutdown" [_thread_blocked, id=1168, stack(0x0000000007420000,0x0000000007520000)]
  0x0000000006486000 JavaThread "Java2D Disposer" daemon [_thread_blocked, id=5780, stack(0x0000000007320000,0x0000000007420000)]
  0x0000000006485800 JavaThread "Low Memory Detector" daemon [_thread_blocked, id=5208, stack(0x0000000006e30000,0x0000000006f30000)]
  0x00000000064bc800 JavaThread "C2 CompilerThread1" daemon [_thread_blocked, id=5856, stack(0x0000000006d30000,0x0000000006e30000)]
  0x00000000064b6800 JavaThread "C2 CompilerThread0" daemon [_thread_blocked, id=5368, stack(0x0000000006c30000,0x0000000006d30000)]
  0x00000000064a9000 JavaThread "JDWP Command Reader" daemon [_thread_in_native, id=1104, stack(0x0000000006b30000,0x0000000006c30000)]
  0x00000000064a8000 JavaThread "JDWP Event Helper Thread" daemon [_thread_blocked, id=2168, stack(0x0000000006a30000,0x0000000006b30000)]
  0x00000000064a6000 JavaThread "JDWP Transport Listener: dt_shmem" daemon [_thread_blocked, id=5180, stack(0x0000000006930000,0x0000000006a30000)]
  0x0000000006484800 JavaThread "Attach Listener" daemon [_thread_blocked, id=4232, stack(0x0000000006830000,0x0000000006930000)]
  0x0000000006484000 JavaThread "Signal Dispatcher" daemon [_thread_blocked, id=5248, stack(0x0000000006730000,0x0000000006830000)]
  0x0000000006435800 JavaThread "Finalizer" daemon [_thread_blocked, id=2580, stack(0x0000000006630000,0x0000000006730000)]
  0x000000000052a800 JavaThread "Reference Handler" daemon [_thread_blocked, id=4228, stack(0x0000000006330000,0x0000000006430000)]

Other Threads:
  0x0000000000524800 VMThread [stack: 0x0000000006230000,0x0000000006330000] [id=5168]
  0x00000000064d7000 WatcherThread [stack: 0x0000000006f30000,0x0000000007030000] [id=3360]

VM state:not at safepoint (normal execution)

VM Mutex/Monitor currently owned by a thread: None

Heap
 PSYoungGen      total 34496K, used 25912K [0x00000000eb400000, 0x00000000ed840000, 0x0000000100000000)
  eden space 31872K, 73% used [0x00000000eb400000,0x00000000ecac3fa0,0x00000000ed320000)
  from space 2624K, 99% used [0x00000000ed5b0000,0x00000000ed83a320,0x00000000ed840000)
  to   space 2624K, 0% used [0x00000000ed320000,0x00000000ed320000,0x00000000ed5b0000)
 PSOldGen        total 42496K, used 21274K [0x00000000c1c00000, 0x00000000c4580000, 0x00000000eb400000)
  object space 42496K, 50% used [0x00000000c1c00000,0x00000000c30c6988,0x00000000c4580000)
 PSPermGen       total 21248K, used 15567K [0x00000000bca00000, 0x00000000bdec0000, 0x00000000c1c00000)
  object space 21248K, 73% used [0x00000000bca00000,0x00000000bd933ea0,0x00000000bdec0000)

Code Cache  [0x00000000024b0000, 0x0000000002720000, 0x00000000054b0000)
 total_blobs=605 nmethods=212 adapters=354 free_code_cache=48948032 largest_free_block=22400

Dynamic libraries:
0x0000000000400000 - 0x000000000042e000 	C:\Program Files\Java\jdk1.6.0_25\bin\java.exe
0x0000000077650000 - 0x00000000777f9000 	C:\Windows\SYSTEM32\ntdll.dll
0x0000000077530000 - 0x000000007764f000 	C:\Windows\system32\kernel32.dll
0x000007fefd6b0000 - 0x000007fefd71c000 	C:\Windows\system32\KERNELBASE.dll
0x000007fefe470000 - 0x000007fefe54b000 	C:\Windows\system32\ADVAPI32.dll
0x000007fefddf0000 - 0x000007fefde8f000 	C:\Windows\system32\msvcrt.dll
0x000007fefe450000 - 0x000007fefe46f000 	C:\Windows\SYSTEM32\sechost.dll
0x000007fefe060000 - 0x000007fefe18d000 	C:\Windows\system32\RPCRT4.dll
0x000000006d890000 - 0x000000006e048000 	C:\Program Files\Java\jdk1.6.0_25\jre\bin\server\jvm.dll
0x0000000077430000 - 0x000000007752a000 	C:\Windows\system32\USER32.dll
0x000007fefdbf0000 - 0x000007fefdc57000 	C:\Windows\system32\GDI32.dll
0x000007fefe550000 - 0x000007fefe55e000 	C:\Windows\system32\LPK.dll
0x000007fefd8e0000 - 0x000007fefd9a9000 	C:\Windows\system32\USP10.dll
0x000007fef9c70000 - 0x000007fef9cab000 	C:\Windows\system32\WINMM.dll
0x000007fefdf70000 - 0x000007fefdf9e000 	C:\Windows\system32\IMM32.DLL
0x000007fefd7d0000 - 0x000007fefd8d9000 	C:\Windows\system32\MSCTF.dll
0x000000006d800000 - 0x000000006d80e000 	C:\Program Files\Java\jdk1.6.0_25\jre\bin\verify.dll
0x000000006d450000 - 0x000000006d477000 	C:\Program Files\Java\jdk1.6.0_25\jre\bin\java.dll
0x0000000077810000 - 0x0000000077817000 	C:\Windows\system32\PSAPI.DLL
0x000000006d4c0000 - 0x000000006d4f4000 	C:\Program Files\Java\jdk1.6.0_25\jre\bin\jdwp.dll
0x000000006d6d0000 - 0x000000006d6d8000 	C:\Program Files\Java\jdk1.6.0_25\jre\bin\npt.dll
0x000000006d850000 - 0x000000006d862000 	C:\Program Files\Java\jdk1.6.0_25\jre\bin\zip.dll
0x000000006d300000 - 0x000000006d30a000 	C:\Program Files\Java\jdk1.6.0_25\jre\bin\dt_shmem.dll
0x000000006d0a0000 - 0x000000006d263000 	C:\Program Files\Java\jdk1.6.0_25\jre\bin\awt.dll
0x000007fef94b0000 - 0x000007fef9521000 	C:\Windows\system32\WINSPOOL.DRV
0x000007fefe230000 - 0x000007fefe433000 	C:\Windows\system32\ole32.dll
0x000007fefeb00000 - 0x000007feff888000 	C:\Windows\system32\SHELL32.dll
0x000007fefea80000 - 0x000007fefeaf1000 	C:\Windows\system32\SHLWAPI.dll
0x000007fefa930000 - 0x000007fefab24000 	C:\Windows\WinSxS\amd64_microsoft.windows.common-controls_6595b64144ccf1df_6.0.7601.17514_none_fa396087175ac9ac\COMCTL32.dll
0x000007fefa4b0000 - 0x000007fefa4c8000 	C:\Windows\system32\DWMAPI.DLL
0x000007fefa890000 - 0x000007fefa8e6000 	C:\Windows\system32\uxtheme.dll
0x0000000011320000 - 0x0000000011366000 	C:\Program Files (x86)\NetSupport\NetSupport School\pciappctrl64.dll
0x000007fefc5c0000 - 0x000007fefc5cc000 	C:\Windows\system32\VERSION.dll
0x000007fef5ee0000 - 0x000007fef6005000 	C:\Windows\system32\dbghelp.dll
0x0000000011500000 - 0x0000000011525000 	C:\Program Files (x86)\Common Files\NSL\NSCommonHook64.dll
0x000007fef3b60000 - 0x000007fef3bdf000 	C:\Program Files\Common Files\microsoft shared\ink\tiptsf.dll
0x000007fefde90000 - 0x000007fefdf67000 	C:\Windows\system32\OLEAUT32.dll
0x000007fefd270000 - 0x000007fefd27f000 	C:\Windows\system32\CRYPTBASE.dll
0x000000006d340000 - 0x000000006d3a6000 	C:\Program Files\Java\jdk1.6.0_25\jre\bin\fontmanager.dll
0x000000006d6a0000 - 0x000000006d6b7000 	C:\Program Files\Java\jdk1.6.0_25\jre\bin\net.dll
0x000007feff890000 - 0x000007feff8dd000 	C:\Windows\system32\WS2_32.dll
0x000007fefe440000 - 0x000007fefe448000 	C:\Windows\system32\NSI.dll
0x0000000180000000 - 0x0000000180025000 	C:\Program Files (x86)\Common Files\NSL\nslsp64.dll
0x000007fefcbb0000 - 0x000007fefcc05000 	C:\Windows\system32\mswsock.dll
0x000007fefcba0000 - 0x000007fefcba7000 	C:\Windows\System32\wship6.dll
0x000000006d6c0000 - 0x000000006d6cb000 	C:\Program Files\Java\jdk1.6.0_25\jre\bin\nio.dll

VM Arguments:
jvm_args: -Xdebug -Xrunjdwp:transport=dt_shmem,address=javadebug -Dfile.encoding=UTF-8 
java_command: Game.Tested
Launcher Type: SUN_STANDARD

Environment Variables:
CLASSPATH=.;C:\Program Files (x86)\QuickTime\QTSystem\QTJava.zip
PATH=C:\Program Files\Common Files\Microsoft Shared\Windows Live;C:\Windows\system32;C:\Windows;C:\Windows\System32\Wbem;C:\Windows\System32\WindowsPowerShell\v1.0\;C:\Program Files (x86)\Common Files\Roxio Shared\DLLShared\;C:\Program Files (x86)\Common Files\Roxio Shared\10.0\DLLShared\;C:\Program Files (x86)\QuickTime\QTSystem\;C:\Program Files\Microsoft SQL Server\110\Tools\Binn\;C:\Program Files\Microsoft\Web Platform Installer\;C:\Program Files (x86)\Microsoft ASP.NET\ASP.NET Web Pages\v1.0\;C:\Program Files (x86)\Elan Speech\Speech Engine SDK\APIs\NSCAPI
USERNAME=f.harz
OS=Windows_NT
PROCESSOR_IDENTIFIER=Intel64 Family 6 Model 42 Stepping 7, GenuineIntel



---------------  S Y S T E M  ---------------

OS: Windows 7 Build 7601 Service Pack 1

CPU:total 4 (4 cores per cpu, 1 threads per core) family 6 model 42 stepping 7, cmov, cx8, fxsr, mmx, sse, sse2, sse3, ssse3, sse4.1, sse4.2, popcnt

Memory: 4k page, physical 4072500k(1113572k free), swap 8143136k(5015868k free)

vm_info: Java HotSpot(TM) 64-Bit Server VM (20.0-b11) for windows-amd64 JRE (1.6.0_25-b06), built on Apr 14 2011 00:44:38 by "java_re" with MS VC++ 8.0 (VS2005)

time: Wed Apr 22 12:35:01 2015
elapsed time: 78 seconds

