#
# A fatal error has been detected by the Java Runtime Environment:
#
#  EXCEPTION_ACCESS_VIOLATION (0xc0000005) at pc=0x0000000000000000, pid=5720, tid=5908
#
# JRE version: 6.0_25-b06
# Java VM: Java HotSpot(TM) 64-Bit Server VM (20.0-b11 mixed mode windows-amd64 compressed oops)
# Problematic frame:
# C  0x0000000000000000
#
# If you would like to submit a bug report, please visit:
#   http://java.sun.com/webapps/bugreport/crash.jsp
# The crash happened outside the Java Virtual Machine in native code.
# See problematic frame for where to report the bug.
#

---------------  T H R E A D  ---------------

Current thread (0x0000000006625800):  JavaThread "AWT-EventQueue-0" [_thread_in_native, id=5908, stack(0x0000000007690000,0x0000000007790000)]

siginfo: ExceptionCode=0xc0000005, ExceptionInformation=0x0000000000000008 0x0000000000000000

Registers:
RAX=0x0000000000000140, RBX=0x00000000066259d0, RCX=0x00000000066259d0, RDX=0x00000000087e3770
RSP=0x000000000778e438, RBP=0x000000006d20c1e8, RSI=0x0000000007ffd0c0, RDI=0x00000000087e3770
R8 =0x000000000778e570, R9 =0x0000000000000001, R10=0x0000000000000006, R11=0x000000006dfcb618
R12=0x0000000000000000, R13=0x0000000000000000, R14=0x000000000778e798, R15=0x0000000006625800
RIP=0x0000000000000000, EFLAGS=0x0000000000010283

Top of Stack: (sp=0x000000000778e438)
0x000000000778e438:   000000006d0a20b3 000000000000001f
0x000000000778e448:   00000000066259d0 000000000778e778
0x000000000778e458:   00000000087e3770 000000000650de90
0x000000000778e468:   0000006800000003 000000006de43cb8
0x000000000778e478:   0000000000000000 0000000000000000
0x000000000778e488:   0000000000000000 0000000000000000
0x000000000778e498:   0000014000000140 0000000000000000
0x000000000778e4a8:   0000000000000000 0000000000000000
0x000000000778e4b8:   000000006d000000 000000000778e470
0x000000000778e4c8:   0000000002460620 0000000000000000
0x000000000778e4d8:   0000002000000020 0000000002460a20
0x000000000778e4e8:   0000000000000000 0000000000000000
0x000000000778e4f8:   0000000000000000 0000000002460620
0x000000000778e508:   0000000006010000 000000000778e470
0x000000000778e518:   0000000000000000 0000000000000000
0x000000000778e528:   0000000000000000 0000000000000000 

Instructions: (pc=0x0000000000000000)
0xffffffffffffffe0:   


Register to memory mapping:

RAX=0x0000000000000140 is an unknown value
RBX=0x00000000066259d0 is an unknown value
RCX=0x00000000066259d0 is an unknown value
RDX=0x00000000087e3770 is an unknown value
RSP=0x000000000778e438 is pointing into the stack for thread: 0x0000000006625800
RBP=0x000000006d20c1e8 is an unknown value
RSI=0x0000000007ffd0c0 is an unknown value
RDI=0x00000000087e3770 is an unknown value
R8 =0x000000000778e570 is pointing into the stack for thread: 0x0000000006625800
R9 =0x0000000000000001 is an unknown value
R10=0x0000000000000006 is an unknown value
R11=0x000000006dfcb618 is an unknown value
R12=0x0000000000000000 is an unknown value
R13=0x0000000000000000 is an unknown value
R14=0x000000000778e798 is pointing into the stack for thread: 0x0000000006625800
R15=0x0000000006625800 is a thread


Stack: [0x0000000007690000,0x0000000007790000],  sp=0x000000000778e438,  free space=1017k
Java frames: (J=compiled Java code, j=interpreted, Vv=VM code)
j  sun.java2d.loops.Blit.Blit(Lsun/java2d/SurfaceData;Lsun/java2d/SurfaceData;Ljava/awt/Composite;Lsun/java2d/pipe/Region;IIIIII)V+0
j  sun.java2d.pipe.DrawImage.blitSurfaceData(Lsun/java2d/SunGraphics2D;Lsun/java2d/pipe/Region;Lsun/java2d/SurfaceData;Lsun/java2d/SurfaceData;Lsun/java2d/loops/SurfaceType;Lsun/java2d/loops/SurfaceType;IIIIIILjava/awt/Color;)V+97
j  sun.java2d.pipe.DrawImage.renderImageCopy(Lsun/java2d/SunGraphics2D;Ljava/awt/Image;Ljava/awt/Color;IIIIII)Z+75
j  sun.java2d.pipe.DrawImage.copyImage(Lsun/java2d/SunGraphics2D;Ljava/awt/Image;IILjava/awt/Color;)Z+45
j  sun.java2d.pipe.DrawImage.copyImage(Lsun/java2d/SunGraphics2D;Ljava/awt/Image;IILjava/awt/Color;Ljava/awt/image/ImageObserver;)Z+15
j  sun.java2d.pipe.ValidatePipe.copyImage(Lsun/java2d/SunGraphics2D;Ljava/awt/Image;IILjava/awt/Color;Ljava/awt/image/ImageObserver;)Z+21
j  sun.java2d.SunGraphics2D.drawImage(Ljava/awt/Image;IILjava/awt/Color;Ljava/awt/image/ImageObserver;)Z+18
j  sun.java2d.SunGraphics2D.drawImage(Ljava/awt/Image;IILjava/awt/image/ImageObserver;)Z+7
j  Game.Map.build()V+127
j  Game.Tested.<init>()V+140
j  Game.Tested$5.run()V+4
j  java.awt.event.InvocationEvent.dispatch()V+47
j  java.awt.EventQueue.dispatchEventImpl(Ljava/awt/AWTEvent;Ljava/lang/Object;)V+21
j  java.awt.EventQueue.access$000(Ljava/awt/EventQueue;Ljava/awt/AWTEvent;Ljava/lang/Object;)V+3
j  java.awt.EventQueue$1.run()Ljava/lang/Void;+12
j  java.awt.EventQueue$1.run()Ljava/lang/Object;+1
v  ~StubRoutines::call_stub
j  java.security.AccessController.doPrivileged(Ljava/security/PrivilegedAction;Ljava/security/AccessControlContext;)Ljava/lang/Object;+0
j  java.security.AccessControlContext$1.doIntersectionPrivilege(Ljava/security/PrivilegedAction;Ljava/security/AccessControlContext;Ljava/security/AccessControlContext;)Ljava/lang/Object;+28
j  java.awt.EventQueue.dispatchEvent(Ljava/awt/AWTEvent;)V+46
j  java.awt.EventDispatchThread.pumpOneEventForFilters(I)Z+204
j  java.awt.EventDispatchThread.pumpEventsForFilter(ILjava/awt/Conditional;Ljava/awt/EventFilter;)V+30
j  java.awt.EventDispatchThread.pumpEventsForHierarchy(ILjava/awt/Conditional;Ljava/awt/Component;)V+11
j  java.awt.EventDispatchThread.pumpEvents(ILjava/awt/Conditional;)V+4
j  java.awt.EventDispatchThread.pumpEvents(Ljava/awt/Conditional;)V+3
j  java.awt.EventDispatchThread.run()V+9
v  ~StubRoutines::call_stub

---------------  P R O C E S S  ---------------

Java Threads: ( => current thread )
  0x000000000023b800 JavaThread "DestroyJavaVM" [_thread_blocked, id=4500, stack(0x0000000002310000,0x0000000002410000)]
=>0x0000000006625800 JavaThread "AWT-EventQueue-0" [_thread_in_native, id=5908, stack(0x0000000007690000,0x0000000007790000)]
  0x0000000006534800 JavaThread "AWT-Windows" daemon [_thread_in_native, id=736, stack(0x0000000007100000,0x0000000007200000)]
  0x000000000655a000 JavaThread "AWT-Shutdown" [_thread_blocked, id=5252, stack(0x0000000007000000,0x0000000007100000)]
  0x000000000650c800 JavaThread "Java2D Disposer" daemon [_thread_blocked, id=3436, stack(0x0000000006f00000,0x0000000007000000)]
  0x00000000064ed800 JavaThread "Low Memory Detector" daemon [_thread_blocked, id=5184, stack(0x0000000006a90000,0x0000000006b90000)]
  0x00000000064ed000 JavaThread "C2 CompilerThread1" daemon [_thread_blocked, id=4020, stack(0x0000000006990000,0x0000000006a90000)]
  0x00000000064e7000 JavaThread "C2 CompilerThread0" daemon [_thread_blocked, id=5204, stack(0x0000000006890000,0x0000000006990000)]
  0x00000000064e4000 JavaThread "Attach Listener" daemon [_thread_blocked, id=3392, stack(0x0000000006790000,0x0000000006890000)]
  0x00000000064df000 JavaThread "Signal Dispatcher" daemon [_thread_blocked, id=680, stack(0x0000000006690000,0x0000000006790000)]
  0x0000000000526800 JavaThread "Finalizer" daemon [_thread_blocked, id=4168, stack(0x0000000006390000,0x0000000006490000)]
  0x0000000000525000 JavaThread "Reference Handler" daemon [_thread_blocked, id=3828, stack(0x0000000006290000,0x0000000006390000)]

Other Threads:
  0x000000000051c800 VMThread [stack: 0x0000000006190000,0x0000000006290000] [id=2152]
  0x0000000006505000 WatcherThread [stack: 0x0000000006b90000,0x0000000006c90000] [id=3776]

VM state:not at safepoint (normal execution)

VM Mutex/Monitor currently owned by a thread: None

Heap
 PSYoungGen      total 34496K, used 23019K [0x00000000eb400000, 0x00000000ef760000, 0x0000000100000000)
  eden space 31872K, 64% used [0x00000000eb400000,0x00000000ec7f0948,0x00000000ed320000)
  from space 2624K, 99% used [0x00000000ed320000,0x00000000ed5aa320,0x00000000ed5b0000)
  to   space 2624K, 0% used [0x00000000ef4d0000,0x00000000ef4d0000,0x00000000ef760000)
 PSOldGen        total 42496K, used 22668K [0x00000000c1c00000, 0x00000000c4580000, 0x00000000eb400000)
  object space 42496K, 53% used [0x00000000c1c00000,0x00000000c32231d8,0x00000000c4580000)
 PSPermGen       total 21248K, used 16265K [0x00000000bca00000, 0x00000000bdec0000, 0x00000000c1c00000)
  object space 21248K, 76% used [0x00000000bca00000,0x00000000bd9e26e8,0x00000000bdec0000)

Code Cache  [0x0000000002410000, 0x0000000002680000, 0x0000000005410000)
 total_blobs=615 nmethods=209 adapters=359 free_code_cache=49118784 largest_free_block=17984

Dynamic libraries:
0x0000000000400000 - 0x000000000042e000 	C:\Program Files\Java\jdk1.6.0_25\bin\java.exe
0x0000000077650000 - 0x00000000777f9000 	C:\Windows\SYSTEM32\ntdll.dll
0x0000000077530000 - 0x000000007764f000 	C:\Windows\system32\kernel32.dll
0x000007fefd6b0000 - 0x000007fefd71c000 	C:\Windows\system32\KERNELBASE.dll
0x000007fefe470000 - 0x000007fefe54b000 	C:\Windows\system32\ADVAPI32.dll
0x000007fefddf0000 - 0x000007fefde8f000 	C:\Windows\system32\msvcrt.dll
0x000007fefe450000 - 0x000007fefe46f000 	C:\Windows\SYSTEM32\sechost.dll
0x000007fefe060000 - 0x000007fefe18d000 	C:\Windows\system32\RPCRT4.dll
0x000000006d890000 - 0x000000006e048000 	C:\Program Files\Java\jdk1.6.0_25\jre\bin\server\jvm.dll
0x0000000077430000 - 0x000000007752a000 	C:\Windows\system32\USER32.dll
0x000007fefdbf0000 - 0x000007fefdc57000 	C:\Windows\system32\GDI32.dll
0x000007fefe550000 - 0x000007fefe55e000 	C:\Windows\system32\LPK.dll
0x000007fefd8e0000 - 0x000007fefd9a9000 	C:\Windows\system32\USP10.dll
0x000007fef9c70000 - 0x000007fef9cab000 	C:\Windows\system32\WINMM.dll
0x000007fefdf70000 - 0x000007fefdf9e000 	C:\Windows\system32\IMM32.DLL
0x000007fefd7d0000 - 0x000007fefd8d9000 	C:\Windows\system32\MSCTF.dll
0x000000006d800000 - 0x000000006d80e000 	C:\Program Files\Java\jdk1.6.0_25\jre\bin\verify.dll
0x000000006d450000 - 0x000000006d477000 	C:\Program Files\Java\jdk1.6.0_25\jre\bin\java.dll
0x0000000077810000 - 0x0000000077817000 	C:\Windows\system32\PSAPI.DLL
0x000000006d850000 - 0x000000006d862000 	C:\Program Files\Java\jdk1.6.0_25\jre\bin\zip.dll
0x000000006d0a0000 - 0x000000006d263000 	C:\Program Files\Java\jdk1.6.0_25\jre\bin\awt.dll
0x000007fef94b0000 - 0x000007fef9521000 	C:\Windows\system32\WINSPOOL.DRV
0x000007fefe230000 - 0x000007fefe433000 	C:\Windows\system32\ole32.dll
0x000007fefeb00000 - 0x000007feff888000 	C:\Windows\system32\SHELL32.dll
0x000007fefea80000 - 0x000007fefeaf1000 	C:\Windows\system32\SHLWAPI.dll
0x000007fefa930000 - 0x000007fefab24000 	C:\Windows\WinSxS\amd64_microsoft.windows.common-controls_6595b64144ccf1df_6.0.7601.17514_none_fa396087175ac9ac\COMCTL32.dll
0x000007fefa4b0000 - 0x000007fefa4c8000 	C:\Windows\system32\DWMAPI.DLL
0x000007fefa890000 - 0x000007fefa8e6000 	C:\Windows\system32\uxtheme.dll
0x0000000011320000 - 0x0000000011366000 	C:\Program Files (x86)\NetSupport\NetSupport School\pciappctrl64.dll
0x000007fefc5c0000 - 0x000007fefc5cc000 	C:\Windows\system32\VERSION.dll
0x000007fef5ee0000 - 0x000007fef6005000 	C:\Windows\system32\dbghelp.dll
0x0000000011500000 - 0x0000000011525000 	C:\Program Files (x86)\Common Files\NSL\NSCommonHook64.dll
0x000007fef3b60000 - 0x000007fef3bdf000 	C:\Program Files\Common Files\microsoft shared\ink\tiptsf.dll
0x000007fefde90000 - 0x000007fefdf67000 	C:\Windows\system32\OLEAUT32.dll
0x000007fefd270000 - 0x000007fefd27f000 	C:\Windows\system32\CRYPTBASE.dll
0x000000006d340000 - 0x000000006d3a6000 	C:\Program Files\Java\jdk1.6.0_25\jre\bin\fontmanager.dll
0x000000006d6a0000 - 0x000000006d6b7000 	C:\Program Files\Java\jdk1.6.0_25\jre\bin\net.dll
0x000007feff890000 - 0x000007feff8dd000 	C:\Windows\system32\WS2_32.dll
0x000007fefe440000 - 0x000007fefe448000 	C:\Windows\system32\NSI.dll
0x0000000180000000 - 0x0000000180025000 	C:\Program Files (x86)\Common Files\NSL\nslsp64.dll
0x000007fefcbb0000 - 0x000007fefcc05000 	C:\Windows\system32\mswsock.dll
0x000007fefcba0000 - 0x000007fefcba7000 	C:\Windows\System32\wship6.dll
0x000000006d6c0000 - 0x000000006d6cb000 	C:\Program Files\Java\jdk1.6.0_25\jre\bin\nio.dll
0x000007fefcc10000 - 0x000007fefcc28000 	C:\Windows\system32\CRYPTSP.dll
0x000007fefc910000 - 0x000007fefc957000 	C:\Windows\system32\rsaenh.dll
0x000007fefd690000 - 0x000007fefd6ae000 	C:\Windows\system32\USERENV.dll
0x000007fefd420000 - 0x000007fefd42f000 	C:\Windows\system32\profapi.dll
0x000007fefab30000 - 0x000007fefab45000 	C:\Windows\system32\NLAapi.dll
0x000007fef9710000 - 0x000007fef9725000 	C:\Windows\system32\napinsp.dll
0x000007fef9730000 - 0x000007fef9749000 	C:\Windows\system32\pnrpnsp.dll
0x000007fefca30000 - 0x000007fefca8b000 	C:\Windows\system32\DNSAPI.dll
0x000007fef9700000 - 0x000007fef970b000 	C:\Windows\System32\winrnr.dll
0x0000000075090000 - 0x00000000750c5000 	C:\Program Files\Bonjour\mdnsNSP.dll
0x000007fef9e30000 - 0x000007fef9e57000 	C:\Windows\system32\Iphlpapi.DLL
0x000007fef9e20000 - 0x000007fef9e2b000 	C:\Windows\system32\WINNSI.DLL
0x0000000075060000 - 0x000000007508e000 	C:\Program Files\Common Files\Microsoft Shared\Windows Live\WLIDNSP.DLL
0x000007fefc5a0000 - 0x000007fefc5a7000 	C:\Windows\System32\wshtcpip.dll
0x000007fef9750000 - 0x000007fef9758000 	C:\Windows\system32\rasadhlp.dll
0x000007fef9cc0000 - 0x000007fef9d13000 	C:\Windows\System32\fwpuclnt.dll

VM Arguments:
jvm_args: -Dfile.encoding=UTF-8 
java_command: Game.Tested
Launcher Type: SUN_STANDARD

Environment Variables:
CLASSPATH=.;C:\Program Files (x86)\QuickTime\QTSystem\QTJava.zip
PATH=C:\Program Files\Common Files\Microsoft Shared\Windows Live;C:\Windows\system32;C:\Windows;C:\Windows\System32\Wbem;C:\Windows\System32\WindowsPowerShell\v1.0\;C:\Program Files (x86)\Common Files\Roxio Shared\DLLShared\;C:\Program Files (x86)\Common Files\Roxio Shared\10.0\DLLShared\;C:\Program Files (x86)\QuickTime\QTSystem\;C:\Program Files\Microsoft SQL Server\110\Tools\Binn\;C:\Program Files\Microsoft\Web Platform Installer\;C:\Program Files (x86)\Microsoft ASP.NET\ASP.NET Web Pages\v1.0\;C:\Program Files (x86)\Elan Speech\Speech Engine SDK\APIs\NSCAPI
USERNAME=f.harz
OS=Windows_NT
PROCESSOR_IDENTIFIER=Intel64 Family 6 Model 42 Stepping 7, GenuineIntel



---------------  S Y S T E M  ---------------

OS: Windows 7 Build 7601 Service Pack 1

CPU:total 4 (4 cores per cpu, 1 threads per core) family 6 model 42 stepping 7, cmov, cx8, fxsr, mmx, sse, sse2, sse3, ssse3, sse4.1, sse4.2, popcnt

Memory: 4k page, physical 4072500k(959172k free), swap 8143136k(4807280k free)

vm_info: Java HotSpot(TM) 64-Bit Server VM (20.0-b11) for windows-amd64 JRE (1.6.0_25-b06), built on Apr 14 2011 00:44:38 by "java_re" with MS VC++ 8.0 (VS2005)

time: Wed Apr 22 12:56:03 2015
elapsed time: 1 seconds

