#
# A fatal error has been detected by the Java Runtime Environment:
#
#  EXCEPTION_ACCESS_VIOLATION (0xc0000005) at pc=0x000000006d1037ff, pid=688, tid=4280
#
# JRE version: 6.0_25-b06
# Java VM: Java HotSpot(TM) 64-Bit Server VM (20.0-b11 mixed mode windows-amd64 compressed oops)
# Problematic frame:
# C  [awt.dll+0x637ff]
#
# If you would like to submit a bug report, please visit:
#   http://java.sun.com/webapps/bugreport/crash.jsp
# The crash happened outside the Java Virtual Machine in native code.
# See problematic frame for where to report the bug.
#

---------------  T H R E A D  ---------------

Current thread (0x00000000088c8800):  JavaThread "AWT-EventQueue-0" [_thread_in_native, id=4280, stack(0x000000000b340000,0x000000000b440000)]

siginfo: ExceptionCode=0xc0000005, reading address 0x0000000006671010

Registers:
RAX=0x0000000006670ff0, RBX=0x00000000088c89d0, RCX=0x00000000088c89d0, RDX=0x000000000b43dd20
RSP=0x000000000b43d920, RBP=0x000000000b43dd20, RSI=0x000000000b43dd20, RDI=0x0000000006670ff0
R8 =0x0000000000000042, R9 =0x00000000ebf487c8, R10=0x00000000000000b8, R11=0x000000006dfcb618
R12=0x000000006d20e218, R13=0x000000000b43dd18, R14=0x000000000b43dd28, R15=0x0000000000000000
RIP=0x000000006d1037ff, EFLAGS=0x0000000000010206

Top of Stack: (sp=0x000000000b43d920)
0x000000000b43d920:   0000000000000000 0000000007b9b0b0
0x000000000b43d930:   00000000bd6f2b58 000000000b43da38
0x000000000b43d940:   00000000088c8800 000000006d0ac217
0x000000000b43d950:   0000000000000000 00000000088c89d0
0x000000000b43d960:   000000000b43dd08 000000000b43dd10
0x000000000b43d970:   000000000b43db00 000000006da9c20d
0x000000000b43d980:   00000000bd6f2b58 000000000d09110a
0x000000000b43d990:   00000000bd7db7a0 000000000b43da38
0x000000000b43d9a0:   000000000d09110a 000000006da9c988
0x000000000b43d9b0:   0000000000000000 0000000000000004
0x000000000b43d9c0:   000000000b43db00 0000000000000000
0x000000000b43d9d0:   00000000c1e8e278 0d0000000000000d
0x000000000b43d9e0:   00000000088c89d0 0000000000000000
0x000000000b43d9f0:   000001970000026f 0000000000000000
0x000000000b43da00:   0000000000000000 00000217a47cc301
0x000000000b43da10:   00000000c1e8e278 3f80000000000003 

Instructions: (pc=0x000000006d1037ff)
0x000000006d1037df:   4c 8d 05 c2 26 0a 00 48 8b cb ff 50 70 eb 22 48
0x000000006d1037ef:   8d 15 9b 26 0a 00 48 8b cb e8 c9 e6 09 00 eb 11
0x000000006d1037ff:   48 8b 40 20 48 85 c0 74 08 48 8b d7 48 8b cb ff
0x000000006d10380f:   d0 48 8b 74 24 40 48 8b 5c 24 38 48 8b c7 48 8b 


Register to memory mapping:

RAX=0x0000000006670ff0 is pointing into the stack for thread: 0x000000000052b000
RBX=0x00000000088c89d0 is an unknown value
RCX=0x00000000088c89d0 is an unknown value
RDX=0x000000000b43dd20 is pointing into the stack for thread: 0x00000000088c8800
RSP=0x000000000b43d920 is pointing into the stack for thread: 0x00000000088c8800
RBP=0x000000000b43dd20 is pointing into the stack for thread: 0x00000000088c8800
RSI=0x000000000b43dd20 is pointing into the stack for thread: 0x00000000088c8800
RDI=0x0000000006670ff0 is pointing into the stack for thread: 0x000000000052b000
R8 =0x0000000000000042 is an unknown value
R9 =0x00000000ebf487c8 is an oop
sun.awt.image.BufImgSurfaceData 
 - klass: 'sun/awt/image/BufImgSurfaceData'
R10=0x00000000000000b8 is an unknown value
R11=0x000000006dfcb618 is an unknown value
R12=0x000000006d20e218 is an unknown value
R13=0x000000000b43dd18 is pointing into the stack for thread: 0x00000000088c8800
R14=0x000000000b43dd28 is pointing into the stack for thread: 0x00000000088c8800
R15=0x0000000000000000 is an unknown value


Stack: [0x000000000b340000,0x000000000b440000],  sp=0x000000000b43d920,  free space=1014k
Native frames: (J=compiled Java code, j=interpreted, Vv=VM code, C=native code)
C  [awt.dll+0x637ff]  SurfaceData_GetOps+0xbf

Java frames: (J=compiled Java code, j=interpreted, Vv=VM code)
j  sun.java2d.loops.MaskBlit.MaskBlit(Lsun/java2d/SurfaceData;Lsun/java2d/SurfaceData;Ljava/awt/Composite;Lsun/java2d/pipe/Region;IIIIII[BII)V+0
j  sun.java2d.loops.Blit$GeneralMaskBlit.Blit(Lsun/java2d/SurfaceData;Lsun/java2d/SurfaceData;Ljava/awt/Composite;Lsun/java2d/pipe/Region;IIIIII)V+24
j  sun.java2d.pipe.DrawImage.blitSurfaceData(Lsun/java2d/SunGraphics2D;Lsun/java2d/pipe/Region;Lsun/java2d/SurfaceData;Lsun/java2d/SurfaceData;Lsun/java2d/loops/SurfaceType;Lsun/java2d/loops/SurfaceType;IIIIIILjava/awt/Color;)V+97
j  sun.java2d.pipe.DrawImage.renderImageCopy(Lsun/java2d/SunGraphics2D;Ljava/awt/Image;Ljava/awt/Color;IIIIII)Z+75
j  sun.java2d.pipe.DrawImage.copyImage(Lsun/java2d/SunGraphics2D;Ljava/awt/Image;IILjava/awt/Color;)Z+45
j  sun.java2d.pipe.DrawImage.copyImage(Lsun/java2d/SunGraphics2D;Ljava/awt/Image;IILjava/awt/Color;Ljava/awt/image/ImageObserver;)Z+15
j  sun.java2d.pipe.ValidatePipe.copyImage(Lsun/java2d/SunGraphics2D;Ljava/awt/Image;IILjava/awt/Color;Ljava/awt/image/ImageObserver;)Z+21
j  sun.java2d.SunGraphics2D.drawImage(Ljava/awt/Image;IILjava/awt/Color;Ljava/awt/image/ImageObserver;)Z+18
j  sun.java2d.SunGraphics2D.drawImage(Ljava/awt/Image;IILjava/awt/image/ImageObserver;)Z+7
j  Tools.ImagePanel.paintComponent(Ljava/awt/Graphics;)V+19
j  javax.swing.JComponent.paint(Ljava/awt/Graphics;)V+290
j  javax.swing.JComponent.paintChildren(Ljava/awt/Graphics;)V+512
j  javax.swing.JComponent.paint(Ljava/awt/Graphics;)V+322
j  javax.swing.JComponent.paintToOffscreen(Ljava/awt/Graphics;IIIIII)V+41
j  javax.swing.BufferStrategyPaintManager.paint(Ljavax/swing/JComponent;Ljavax/swing/JComponent;Ljava/awt/Graphics;IIII)Z+157
j  javax.swing.RepaintManager.paint(Ljavax/swing/JComponent;Ljavax/swing/JComponent;Ljava/awt/Graphics;IIII)V+52
j  javax.swing.JComponent._paintImmediately(IIII)V+679
j  javax.swing.JComponent.paintImmediately(IIII)V+83
j  javax.swing.RepaintManager.paintDirtyRegions(Ljava/util/Map;)V+193
j  javax.swing.RepaintManager.paintDirtyRegions()V+46
j  javax.swing.RepaintManager.seqPaintDirtyRegions()V+73
j  javax.swing.SystemEventQueueUtilities$ComponentWorkRequest.run()V+36
j  java.awt.event.InvocationEvent.dispatch()V+47
j  java.awt.EventQueue.dispatchEventImpl(Ljava/awt/AWTEvent;Ljava/lang/Object;)V+21
j  java.awt.EventQueue.access$000(Ljava/awt/EventQueue;Ljava/awt/AWTEvent;Ljava/lang/Object;)V+3
j  java.awt.EventQueue$1.run()Ljava/lang/Void;+12
j  java.awt.EventQueue$1.run()Ljava/lang/Object;+1
v  ~StubRoutines::call_stub
j  java.security.AccessController.doPrivileged(Ljava/security/PrivilegedAction;Ljava/security/AccessControlContext;)Ljava/lang/Object;+0
j  java.security.AccessControlContext$1.doIntersectionPrivilege(Ljava/security/PrivilegedAction;Ljava/security/AccessControlContext;Ljava/security/AccessControlContext;)Ljava/lang/Object;+28
j  java.awt.EventQueue.dispatchEvent(Ljava/awt/AWTEvent;)V+46
j  java.awt.EventDispatchThread.pumpOneEventForFilters(I)Z+204
j  java.awt.EventDispatchThread.pumpEventsForFilter(ILjava/awt/Conditional;Ljava/awt/EventFilter;)V+30
j  java.awt.EventDispatchThread.pumpEventsForHierarchy(ILjava/awt/Conditional;Ljava/awt/Component;)V+11
j  java.awt.EventDispatchThread.pumpEvents(ILjava/awt/Conditional;)V+4
j  java.awt.EventDispatchThread.pumpEvents(Ljava/awt/Conditional;)V+3
j  java.awt.EventDispatchThread.run()V+9
v  ~StubRoutines::call_stub

---------------  P R O C E S S  ---------------

Java Threads: ( => current thread )
  0x00000000088c9800 JavaThread "Arrow" [_thread_blocked, id=1696, stack(0x000000000b440000,0x000000000b540000)]
=>0x00000000088c8800 JavaThread "AWT-EventQueue-0" [_thread_in_native, id=4280, stack(0x000000000b340000,0x000000000b440000)]
  0x0000000007b99800 JavaThread "Arrow" [_thread_blocked, id=968, stack(0x000000000b140000,0x000000000b240000)]
  0x0000000007926800 JavaThread "TimerQueue" daemon [_thread_blocked, id=5796, stack(0x000000000a070000,0x000000000a170000)]
  0x00000000003db800 JavaThread "DestroyJavaVM" [_thread_blocked, id=1520, stack(0x0000000002310000,0x0000000002410000)]
  0x0000000006436000 JavaThread "AWT-Windows" daemon [_thread_in_native, id=2252, stack(0x0000000007170000,0x0000000007270000)]
  0x0000000006434000 JavaThread "AWT-Shutdown" [_thread_blocked, id=5724, stack(0x0000000007070000,0x0000000007170000)]
  0x0000000006449000 JavaThread "Java2D Disposer" daemon [_thread_blocked, id=5704, stack(0x0000000006f70000,0x0000000007070000)]
  0x00000000063fc800 JavaThread "Low Memory Detector" daemon [_thread_blocked, id=4224, stack(0x0000000006a90000,0x0000000006b90000)]
  0x00000000063f2000 JavaThread "C2 CompilerThread1" daemon [_thread_blocked, id=5852, stack(0x0000000006990000,0x0000000006a90000)]
  0x00000000063ec800 JavaThread "C2 CompilerThread0" daemon [_thread_blocked, id=5332, stack(0x0000000006890000,0x0000000006990000)]
  0x00000000063e9800 JavaThread "Attach Listener" daemon [_thread_blocked, id=6048, stack(0x0000000006790000,0x0000000006890000)]
  0x00000000063e7000 JavaThread "Signal Dispatcher" daemon [_thread_blocked, id=2448, stack(0x0000000006690000,0x0000000006790000)]
  0x000000000052b000 JavaThread "Finalizer" daemon [_thread_blocked, id=5364, stack(0x0000000006590000,0x0000000006690000)]
  0x000000000052a000 JavaThread "Reference Handler" daemon [_thread_blocked, id=5892, stack(0x0000000006290000,0x0000000006390000)]

Other Threads:
  0x0000000000522000 VMThread [stack: 0x0000000006190000,0x0000000006290000] [id=712]
  0x000000000640d800 WatcherThread [stack: 0x0000000006b90000,0x0000000006c90000] [id=5680]

VM state:not at safepoint (normal execution)

VM Mutex/Monitor currently owned by a thread: None

Heap
 PSYoungGen      total 112320K, used 106945K [0x00000000eb400000, 0x00000000f6fc0000, 0x0000000100000000)
  eden space 76864K, 93% used [0x00000000eb400000,0x00000000ef9d8668,0x00000000eff10000)
  from space 35456K, 99% used [0x00000000eff10000,0x00000000f21a8010,0x00000000f21b0000)
  to   space 41536K, 0% used [0x00000000f4730000,0x00000000f4730000,0x00000000f6fc0000)
 PSOldGen        total 51648K, used 13871K [0x00000000c1c00000, 0x00000000c4e70000, 0x00000000eb400000)
  object space 51648K, 26% used [0x00000000c1c00000,0x00000000c298be78,0x00000000c4e70000)
 PSPermGen       total 46656K, used 20798K [0x00000000bca00000, 0x00000000bf790000, 0x00000000c1c00000)
  object space 46656K, 44% used [0x00000000bca00000,0x00000000bde4fa40,0x00000000bf790000)

Code Cache  [0x0000000002410000, 0x0000000002680000, 0x0000000005410000)
 total_blobs=848 nmethods=396 adapters=404 free_code_cache=48640256 largest_free_block=15104

Dynamic libraries:
0x0000000000400000 - 0x000000000042e000 	C:\Program Files\Java\jdk1.6.0_25\bin\java.exe
0x0000000077760000 - 0x0000000077909000 	C:\Windows\SYSTEM32\ntdll.dll
0x0000000077640000 - 0x000000007775f000 	C:\Windows\system32\kernel32.dll
0x000007fefd580000 - 0x000007fefd5ec000 	C:\Windows\system32\KERNELBASE.dll
0x000007fefea00000 - 0x000007fefeadb000 	C:\Windows\system32\ADVAPI32.dll
0x000007feff7c0000 - 0x000007feff85f000 	C:\Windows\system32\msvcrt.dll
0x000007fefede0000 - 0x000007fefedff000 	C:\Windows\SYSTEM32\sechost.dll
0x000007feff500000 - 0x000007feff62d000 	C:\Windows\system32\RPCRT4.dll
0x000000006d890000 - 0x000000006e048000 	C:\Program Files\Java\jdk1.6.0_25\jre\bin\server\jvm.dll
0x0000000077540000 - 0x000000007763a000 	C:\Windows\system32\USER32.dll
0x000007feff360000 - 0x000007feff3c7000 	C:\Windows\system32\GDI32.dll
0x000007feff3d0000 - 0x000007feff3de000 	C:\Windows\system32\LPK.dll
0x000007fefeae0000 - 0x000007fefeba9000 	C:\Windows\system32\USP10.dll
0x000007fef5c10000 - 0x000007fef5c4b000 	C:\Windows\system32\WINMM.dll
0x000007fefebb0000 - 0x000007fefebde000 	C:\Windows\system32\IMM32.DLL
0x000007feff3f0000 - 0x000007feff4f9000 	C:\Windows\system32\MSCTF.dll
0x000000006d800000 - 0x000000006d80e000 	C:\Program Files\Java\jdk1.6.0_25\jre\bin\verify.dll
0x000000006d450000 - 0x000000006d477000 	C:\Program Files\Java\jdk1.6.0_25\jre\bin\java.dll
0x0000000077930000 - 0x0000000077937000 	C:\Windows\system32\PSAPI.DLL
0x000000006d850000 - 0x000000006d862000 	C:\Program Files\Java\jdk1.6.0_25\jre\bin\zip.dll
0x000000006d0a0000 - 0x000000006d263000 	C:\Program Files\Java\jdk1.6.0_25\jre\bin\awt.dll
0x000007fef95b0000 - 0x000007fef9621000 	C:\Windows\system32\WINSPOOL.DRV
0x000007feff860000 - 0x000007feffa63000 	C:\Windows\system32\ole32.dll
0x000007fefdc70000 - 0x000007fefe9f8000 	C:\Windows\system32\SHELL32.dll
0x000007feff2e0000 - 0x000007feff351000 	C:\Windows\system32\SHLWAPI.dll
0x000007fefb6a0000 - 0x000007fefb894000 	C:\Windows\WinSxS\amd64_microsoft.windows.common-controls_6595b64144ccf1df_6.0.7601.17514_none_fa396087175ac9ac\COMCTL32.dll
0x000007fefb150000 - 0x000007fefb168000 	C:\Windows\system32\DWMAPI.DLL
0x000007fefb640000 - 0x000007fefb696000 	C:\Windows\system32\uxtheme.dll
0x0000000011320000 - 0x0000000011366000 	C:\Program Files (x86)\NetSupport\NetSupport School\pciappctrl64.dll
0x000007fefc6d0000 - 0x000007fefc6dc000 	C:\Windows\system32\VERSION.dll
0x000007fef5dc0000 - 0x000007fef5ee5000 	C:\Windows\system32\dbghelp.dll
0x0000000011500000 - 0x0000000011525000 	C:\Program Files (x86)\Common Files\NSL\NSCommonHook64.dll
0x000007fef4d80000 - 0x000007fef4dff000 	C:\Program Files\Common Files\microsoft shared\ink\tiptsf.dll
0x000007feff150000 - 0x000007feff227000 	C:\Windows\system32\OLEAUT32.dll
0x000007fefd380000 - 0x000007fefd38f000 	C:\Windows\system32\CRYPTBASE.dll
0x000000006d340000 - 0x000000006d3a6000 	C:\Program Files\Java\jdk1.6.0_25\jre\bin\fontmanager.dll
0x000000006d6a0000 - 0x000000006d6b7000 	C:\Program Files\Java\jdk1.6.0_25\jre\bin\net.dll
0x000007feff230000 - 0x000007feff27d000 	C:\Windows\system32\WS2_32.dll
0x000007feff3e0000 - 0x000007feff3e8000 	C:\Windows\system32\NSI.dll
0x0000000180000000 - 0x0000000180025000 	C:\Program Files (x86)\Common Files\NSL\nslsp64.dll
0x000007fefccc0000 - 0x000007fefcd15000 	C:\Windows\system32\mswsock.dll
0x000007fefccb0000 - 0x000007fefccb7000 	C:\Windows\System32\wship6.dll
0x000000006d6c0000 - 0x000000006d6cb000 	C:\Program Files\Java\jdk1.6.0_25\jre\bin\nio.dll
0x000007fefcd20000 - 0x000007fefcd38000 	C:\Windows\system32\CRYPTSP.dll
0x000007fefca20000 - 0x000007fefca67000 	C:\Windows\system32\rsaenh.dll
0x000007fefd8b0000 - 0x000007fefd8ce000 	C:\Windows\system32\USERENV.dll
0x000007fefd530000 - 0x000007fefd53f000 	C:\Windows\system32\profapi.dll
0x000007fefb990000 - 0x000007fefb9a5000 	C:\Windows\system32\NLAapi.dll
0x000007fef97e0000 - 0x000007fef97f5000 	C:\Windows\system32\napinsp.dll
0x000007fef9800000 - 0x000007fef9819000 	C:\Windows\system32\pnrpnsp.dll
0x000007fefcb40000 - 0x000007fefcb9b000 	C:\Windows\system32\DNSAPI.dll
0x000007fef97d0000 - 0x000007fef97db000 	C:\Windows\System32\winrnr.dll
0x0000000074e90000 - 0x0000000074ec5000 	C:\Program Files\Bonjour\mdnsNSP.dll
0x000007fefb000000 - 0x000007fefb027000 	C:\Windows\system32\Iphlpapi.DLL
0x000007fefaff0000 - 0x000007fefaffb000 	C:\Windows\system32\WINNSI.DLL
0x0000000074e60000 - 0x0000000074e8e000 	C:\Program Files\Common Files\Microsoft Shared\Windows Live\WLIDNSP.DLL
0x000007fefc6b0000 - 0x000007fefc6b7000 	C:\Windows\System32\wshtcpip.dll
0x000007fef9850000 - 0x000007fef9858000 	C:\Windows\system32\rasadhlp.dll
0x000007fefae70000 - 0x000007fefaec3000 	C:\Windows\System32\fwpuclnt.dll
0x000000006d2b0000 - 0x000000006d2d8000 	C:\Program Files\Java\jdk1.6.0_25\jre\bin\dcpr.dll
0x000007fefdbd0000 - 0x000007fefdc69000 	C:\Windows\system32\CLBCatQ.DLL
0x000007fef9c00000 - 0x000007fef9c54000 	C:\Windows\system32\oleacc.dll

VM Arguments:
jvm_args: -Dfile.encoding=UTF-8 
java_command: Editor.GUI
Launcher Type: SUN_STANDARD

Environment Variables:
CLASSPATH=.;C:\Program Files (x86)\QuickTime\QTSystem\QTJava.zip
PATH=C:\Program Files\Common Files\Microsoft Shared\Windows Live;C:\Windows\system32;C:\Windows;C:\Windows\System32\Wbem;C:\Windows\System32\WindowsPowerShell\v1.0\;C:\Program Files (x86)\Common Files\Roxio Shared\DLLShared\;C:\Program Files (x86)\Common Files\Roxio Shared\10.0\DLLShared\;C:\Program Files (x86)\QuickTime\QTSystem\;C:\Program Files\Microsoft SQL Server\110\Tools\Binn\;C:\Program Files\Microsoft\Web Platform Installer\;C:\Program Files (x86)\Microsoft ASP.NET\ASP.NET Web Pages\v1.0\;C:\Program Files (x86)\Elan Speech\Speech Engine SDK\APIs\NSCAPI
USERNAME=f.harz
OS=Windows_NT
PROCESSOR_IDENTIFIER=Intel64 Family 6 Model 42 Stepping 7, GenuineIntel



---------------  S Y S T E M  ---------------

OS: Windows 7 Build 7601 Service Pack 1

CPU:total 4 (4 cores per cpu, 1 threads per core) family 6 model 42 stepping 7, cmov, cx8, fxsr, mmx, sse, sse2, sse3, ssse3, sse4.1, sse4.2, popcnt

Memory: 4k page, physical 4072500k(940120k free), swap 8143136k(4656560k free)

vm_info: Java HotSpot(TM) 64-Bit Server VM (20.0-b11) for windows-amd64 JRE (1.6.0_25-b06), built on Apr 14 2011 00:44:38 by "java_re" with MS VC++ 8.0 (VS2005)

time: Wed May 13 09:18:31 2015
elapsed time: 18 seconds

