#
# A fatal error has been detected by the Java Runtime Environment:
#
#  EXCEPTION_ACCESS_VIOLATION (0xc0000005) at pc=0x000000006d1037ff, pid=2316, tid=4428
#
# JRE version: 6.0_25-b06
# Java VM: Java HotSpot(TM) 64-Bit Server VM (20.0-b11 mixed mode windows-amd64 compressed oops)
# Problematic frame:
# C  [awt.dll+0x637ff]
#
# If you would like to submit a bug report, please visit:
#   http://java.sun.com/webapps/bugreport/crash.jsp
# The crash happened outside the Java Virtual Machine in native code.
# See problematic frame for where to report the bug.
#

---------------  T H R E A D  ---------------

Current thread (0x0000000007cd0800):  JavaThread "AWT-EventQueue-0" [_thread_in_native, id=4428, stack(0x000000000b310000,0x000000000b410000)]

siginfo: ExceptionCode=0xc0000005, reading address 0x00000000002afea0

Registers:
RAX=0x00000000002afe80, RBX=0x0000000007cd09d0, RCX=0x0000000007cd09d0, RDX=0x000000000b40df20
RSP=0x000000000b40db20, RBP=0x000000000b40df20, RSI=0x000000000b40df20, RDI=0x00000000002afe80
R8 =0x0000000000000042, R9 =0x00000000ebe6f4f8, R10=0x00000000000000be, R11=0x000000006dfcb618
R12=0x000000006d20e218, R13=0x000000000b40df18, R14=0x000000000b40df28, R15=0x0000000000000000
RIP=0x000000006d1037ff, EFLAGS=0x0000000000010202

Top of Stack: (sp=0x000000000b40db20)
0x000000000b40db20:   0000000000000000 0000000007c37220
0x000000000b40db30:   00000000bd6f2e80 000000000b40dc38
0x000000000b40db40:   0000000007cd0800 000000006d0ac217
0x000000000b40db50:   0000000000000000 0000000007cd09d0
0x000000000b40db60:   000000000b40df08 000000000b40df10
0x000000000b40db70:   000000000b40dd00 000000006da9c20d
0x000000000b40db80:   00000000bd6f2e80 000000000d09110a
0x000000000b40db90:   00000000bd7dbac8 000000000b40dc38
0x000000000b40dba0:   000000000d09110a 000000006da9c988
0x000000000b40dbb0:   0000000000000000 0000000000000000
0x000000000b40dbc0:   000000000b40dd00 0000000000000000
0x000000000b40dbd0:   00000000c1e82e28 0d0000000000000d
0x000000000b40dbe0:   0000000007cd09d0 0000000000000000
0x000000000b40dbf0:   000001970000026f 0000000000000000
0x000000000b40dc00:   0000000000000000 000002179f76a501
0x000000000b40dc10:   00000000c1e82e28 3f80000000000003 

Instructions: (pc=0x000000006d1037ff)
0x000000006d1037df:   4c 8d 05 c2 26 0a 00 48 8b cb ff 50 70 eb 22 48
0x000000006d1037ef:   8d 15 9b 26 0a 00 48 8b cb e8 c9 e6 09 00 eb 11
0x000000006d1037ff:   48 8b 40 20 48 85 c0 74 08 48 8b d7 48 8b cb ff
0x000000006d10380f:   d0 48 8b 74 24 40 48 8b 5c 24 38 48 8b c7 48 8b 


Register to memory mapping:

RAX=0x00000000002afe80 is an unknown value
RBX=0x0000000007cd09d0 is an unknown value
RCX=0x0000000007cd09d0 is an unknown value
RDX=0x000000000b40df20 is pointing into the stack for thread: 0x0000000007cd0800
RSP=0x000000000b40db20 is pointing into the stack for thread: 0x0000000007cd0800
RBP=0x000000000b40df20 is pointing into the stack for thread: 0x0000000007cd0800
RSI=0x000000000b40df20 is pointing into the stack for thread: 0x0000000007cd0800
RDI=0x00000000002afe80 is an unknown value
R8 =0x0000000000000042 is an unknown value
R9 =0x00000000ebe6f4f8 is an oop
sun.awt.image.BufImgSurfaceData 
 - klass: 'sun/awt/image/BufImgSurfaceData'
R10=0x00000000000000be is an unknown value
R11=0x000000006dfcb618 is an unknown value
R12=0x000000006d20e218 is an unknown value
R13=0x000000000b40df18 is pointing into the stack for thread: 0x0000000007cd0800
R14=0x000000000b40df28 is pointing into the stack for thread: 0x0000000007cd0800
R15=0x0000000000000000 is an unknown value


Stack: [0x000000000b310000,0x000000000b410000],  sp=0x000000000b40db20,  free space=1014k
Native frames: (J=compiled Java code, j=interpreted, Vv=VM code, C=native code)
C  [awt.dll+0x637ff]  SurfaceData_GetOps+0xbf

Java frames: (J=compiled Java code, j=interpreted, Vv=VM code)
j  sun.java2d.loops.MaskBlit.MaskBlit(Lsun/java2d/SurfaceData;Lsun/java2d/SurfaceData;Ljava/awt/Composite;Lsun/java2d/pipe/Region;IIIIII[BII)V+0
j  sun.java2d.loops.Blit$GeneralMaskBlit.Blit(Lsun/java2d/SurfaceData;Lsun/java2d/SurfaceData;Ljava/awt/Composite;Lsun/java2d/pipe/Region;IIIIII)V+24
j  sun.java2d.pipe.DrawImage.blitSurfaceData(Lsun/java2d/SunGraphics2D;Lsun/java2d/pipe/Region;Lsun/java2d/SurfaceData;Lsun/java2d/SurfaceData;Lsun/java2d/loops/SurfaceType;Lsun/java2d/loops/SurfaceType;IIIIIILjava/awt/Color;)V+97
j  sun.java2d.pipe.DrawImage.renderImageCopy(Lsun/java2d/SunGraphics2D;Ljava/awt/Image;Ljava/awt/Color;IIIIII)Z+75
j  sun.java2d.pipe.DrawImage.copyImage(Lsun/java2d/SunGraphics2D;Ljava/awt/Image;IILjava/awt/Color;)Z+45
j  sun.java2d.pipe.DrawImage.copyImage(Lsun/java2d/SunGraphics2D;Ljava/awt/Image;IILjava/awt/Color;Ljava/awt/image/ImageObserver;)Z+15
j  sun.java2d.pipe.ValidatePipe.copyImage(Lsun/java2d/SunGraphics2D;Ljava/awt/Image;IILjava/awt/Color;Ljava/awt/image/ImageObserver;)Z+21
j  sun.java2d.SunGraphics2D.drawImage(Ljava/awt/Image;IILjava/awt/Color;Ljava/awt/image/ImageObserver;)Z+18
j  sun.java2d.SunGraphics2D.drawImage(Ljava/awt/Image;IILjava/awt/image/ImageObserver;)Z+7
j  Tools.ImagePanel.paintComponent(Ljava/awt/Graphics;)V+19
j  javax.swing.JComponent.paint(Ljava/awt/Graphics;)V+290
j  javax.swing.JComponent.paintChildren(Ljava/awt/Graphics;)V+512
j  javax.swing.JComponent.paint(Ljava/awt/Graphics;)V+322
j  javax.swing.JComponent.paintToOffscreen(Ljava/awt/Graphics;IIIIII)V+41
j  javax.swing.BufferStrategyPaintManager.paint(Ljavax/swing/JComponent;Ljavax/swing/JComponent;Ljava/awt/Graphics;IIII)Z+157
j  javax.swing.RepaintManager.paint(Ljavax/swing/JComponent;Ljavax/swing/JComponent;Ljava/awt/Graphics;IIII)V+52
j  javax.swing.JComponent._paintImmediately(IIII)V+679
j  javax.swing.JComponent.paintImmediately(IIII)V+83
j  javax.swing.RepaintManager.paintDirtyRegions(Ljava/util/Map;)V+193
j  javax.swing.RepaintManager.paintDirtyRegions()V+46
j  javax.swing.RepaintManager.seqPaintDirtyRegions()V+73
j  javax.swing.SystemEventQueueUtilities$ComponentWorkRequest.run()V+36
j  java.awt.event.InvocationEvent.dispatch()V+47
j  java.awt.EventQueue.dispatchEventImpl(Ljava/awt/AWTEvent;Ljava/lang/Object;)V+21
j  java.awt.EventQueue.access$000(Ljava/awt/EventQueue;Ljava/awt/AWTEvent;Ljava/lang/Object;)V+3
j  java.awt.EventQueue$1.run()Ljava/lang/Void;+12
j  java.awt.EventQueue$1.run()Ljava/lang/Object;+1
v  ~StubRoutines::call_stub
j  java.security.AccessController.doPrivileged(Ljava/security/PrivilegedAction;Ljava/security/AccessControlContext;)Ljava/lang/Object;+0
j  java.security.AccessControlContext$1.doIntersectionPrivilege(Ljava/security/PrivilegedAction;Ljava/security/AccessControlContext;Ljava/security/AccessControlContext;)Ljava/lang/Object;+28
j  java.awt.EventQueue.dispatchEvent(Ljava/awt/AWTEvent;)V+46
j  java.awt.EventDispatchThread.pumpOneEventForFilters(I)Z+204
j  java.awt.EventDispatchThread.pumpEventsForFilter(ILjava/awt/Conditional;Ljava/awt/EventFilter;)V+30
j  java.awt.EventDispatchThread.pumpEventsForHierarchy(ILjava/awt/Conditional;Ljava/awt/Component;)V+11
j  java.awt.EventDispatchThread.pumpEvents(ILjava/awt/Conditional;)V+4
j  java.awt.EventDispatchThread.pumpEvents(Ljava/awt/Conditional;)V+3
j  java.awt.EventDispatchThread.run()V+9
v  ~StubRoutines::call_stub

---------------  P R O C E S S  ---------------

Java Threads: ( => current thread )
  0x0000000007bf9000 JavaThread "Arrow" [_thread_blocked, id=5596, stack(0x000000000b410000,0x000000000b510000)]
=>0x0000000007cd0800 JavaThread "AWT-EventQueue-0" [_thread_in_native, id=4428, stack(0x000000000b310000,0x000000000b410000)]
  0x0000000007a34000 JavaThread "Thread-4" [_thread_blocked, id=4832, stack(0x000000000b210000,0x000000000b310000)]
  0x000000000838a800 JavaThread "Arrow" [_thread_blocked, id=5588, stack(0x000000000b110000,0x000000000b210000)]
  0x0000000007c0d800 JavaThread "TimerQueue" daemon [_thread_blocked, id=5480, stack(0x000000000a040000,0x000000000a140000)]
  0x000000000053b800 JavaThread "DestroyJavaVM" [_thread_blocked, id=4924, stack(0x0000000002390000,0x0000000002490000)]
  0x00000000065bc800 JavaThread "AWT-Windows" daemon [_thread_in_native, id=3396, stack(0x0000000007140000,0x0000000007240000)]
  0x00000000065e8000 JavaThread "AWT-Shutdown" [_thread_blocked, id=1300, stack(0x0000000007040000,0x0000000007140000)]
  0x00000000065e7800 JavaThread "Java2D Disposer" daemon [_thread_blocked, id=2480, stack(0x0000000006f40000,0x0000000007040000)]
  0x0000000006575800 JavaThread "Low Memory Detector" daemon [_thread_blocked, id=5948, stack(0x0000000006b10000,0x0000000006c10000)]
  0x000000000656d000 JavaThread "C2 CompilerThread1" daemon [_thread_blocked, id=4984, stack(0x0000000006a10000,0x0000000006b10000)]
  0x0000000006567000 JavaThread "C2 CompilerThread0" daemon [_thread_blocked, id=5336, stack(0x0000000006910000,0x0000000006a10000)]
  0x0000000006564000 JavaThread "Attach Listener" daemon [_thread_blocked, id=4896, stack(0x0000000006810000,0x0000000006910000)]
  0x000000000655e800 JavaThread "Signal Dispatcher" daemon [_thread_blocked, id=4400, stack(0x0000000006710000,0x0000000006810000)]
  0x0000000000526800 JavaThread "Finalizer" daemon [_thread_blocked, id=3316, stack(0x0000000006410000,0x0000000006510000)]
  0x0000000000525000 JavaThread "Reference Handler" daemon [_thread_blocked, id=4504, stack(0x0000000006310000,0x0000000006410000)]

Other Threads:
  0x000000000051c800 VMThread [stack: 0x0000000006210000,0x0000000006310000] [id=2796]
  0x0000000006589000 WatcherThread [stack: 0x0000000006c10000,0x0000000006d10000] [id=4904]

VM state:not at safepoint (normal execution)

VM Mutex/Monitor currently owned by a thread: None

Heap
 PSYoungGen      total 113664K, used 105303K [0x00000000eb400000, 0x00000000f7340000, 0x0000000100000000)
  eden space 78400K, 89% used [0x00000000eb400000,0x00000000ef86de50,0x00000000f0090000)
  from space 35264K, 99% used [0x00000000f0090000,0x00000000f22f8010,0x00000000f2300000)
  to   space 41600K, 0% used [0x00000000f4aa0000,0x00000000f4aa0000,0x00000000f7340000)
 PSOldGen        total 50944K, used 14890K [0x00000000c1c00000, 0x00000000c4dc0000, 0x00000000eb400000)
  object space 50944K, 29% used [0x00000000c1c00000,0x00000000c2a8a9a0,0x00000000c4dc0000)
 PSPermGen       total 46656K, used 20800K [0x00000000bca00000, 0x00000000bf790000, 0x00000000c1c00000)
  object space 46656K, 44% used [0x00000000bca00000,0x00000000bde50180,0x00000000bf790000)

Code Cache  [0x0000000002490000, 0x0000000002700000, 0x0000000005490000)
 total_blobs=843 nmethods=391 adapters=404 free_code_cache=48645888 largest_free_block=21376

Dynamic libraries:
0x0000000000400000 - 0x000000000042e000 	C:\Program Files\Java\jdk1.6.0_25\bin\java.exe
0x0000000077ca0000 - 0x0000000077e49000 	C:\Windows\SYSTEM32\ntdll.dll
0x0000000077a80000 - 0x0000000077b9f000 	C:\Windows\system32\kernel32.dll
0x000007fefdc70000 - 0x000007fefdcdc000 	C:\Windows\system32\KERNELBASE.dll
0x000007fefdec0000 - 0x000007fefdf9b000 	C:\Windows\system32\ADVAPI32.dll
0x000007fefec80000 - 0x000007fefed1f000 	C:\Windows\system32\msvcrt.dll
0x000007fefec30000 - 0x000007fefec4f000 	C:\Windows\SYSTEM32\sechost.dll
0x000007fefe5e0000 - 0x000007fefe70d000 	C:\Windows\system32\RPCRT4.dll
0x000000006d890000 - 0x000000006e048000 	C:\Program Files\Java\jdk1.6.0_25\jre\bin\server\jvm.dll
0x0000000077ba0000 - 0x0000000077c9a000 	C:\Windows\system32\USER32.dll
0x000007feffae0000 - 0x000007feffb47000 	C:\Windows\system32\GDI32.dll
0x000007fefe3c0000 - 0x000007fefe3ce000 	C:\Windows\system32\LPK.dll
0x000007fefe100000 - 0x000007fefe1c9000 	C:\Windows\system32\USP10.dll
0x000007fefa120000 - 0x000007fefa15b000 	C:\Windows\system32\WINMM.dll
0x000007fefec50000 - 0x000007fefec7e000 	C:\Windows\system32\IMM32.DLL
0x000007fefe1d0000 - 0x000007fefe2d9000 	C:\Windows\system32\MSCTF.dll
0x000000006d800000 - 0x000000006d80e000 	C:\Program Files\Java\jdk1.6.0_25\jre\bin\verify.dll
0x000000006d450000 - 0x000000006d477000 	C:\Program Files\Java\jdk1.6.0_25\jre\bin\java.dll
0x0000000077e60000 - 0x0000000077e67000 	C:\Windows\system32\PSAPI.DLL
0x000000006d850000 - 0x000000006d862000 	C:\Program Files\Java\jdk1.6.0_25\jre\bin\zip.dll
0x000000006d0a0000 - 0x000000006d263000 	C:\Program Files\Java\jdk1.6.0_25\jre\bin\awt.dll
0x000007fef8b70000 - 0x000007fef8be1000 	C:\Windows\system32\WINSPOOL.DRV
0x000007fefe3d0000 - 0x000007fefe5d3000 	C:\Windows\system32\ole32.dll
0x000007fefed20000 - 0x000007feffaa8000 	C:\Windows\system32\SHELL32.dll
0x000007fefe000000 - 0x000007fefe071000 	C:\Windows\system32\SHLWAPI.dll
0x000007fefc370000 - 0x000007fefc564000 	C:\Windows\WinSxS\amd64_microsoft.windows.common-controls_6595b64144ccf1df_6.0.7601.17514_none_fa396087175ac9ac\COMCTL32.dll
0x000007fefbdc0000 - 0x000007fefbdd8000 	C:\Windows\system32\DWMAPI.DLL
0x000007fefc310000 - 0x000007fefc366000 	C:\Windows\system32\uxtheme.dll
0x0000000011320000 - 0x0000000011366000 	C:\Program Files (x86)\NetSupport\NetSupport School\pciappctrl64.dll
0x000007fefcc10000 - 0x000007fefcc1c000 	C:\Windows\system32\VERSION.dll
0x000007fef67d0000 - 0x000007fef68f5000 	C:\Windows\system32\dbghelp.dll
0x0000000011500000 - 0x0000000011525000 	C:\Program Files (x86)\Common Files\NSL\NSCommonHook64.dll
0x000007fef4720000 - 0x000007fef479f000 	C:\Program Files\Common Files\microsoft shared\ink\tiptsf.dll
0x000007fefe2e0000 - 0x000007fefe3b7000 	C:\Windows\system32\OLEAUT32.dll
0x000007fefd8c0000 - 0x000007fefd8cf000 	C:\Windows\system32\CRYPTBASE.dll
0x000000006d340000 - 0x000000006d3a6000 	C:\Program Files\Java\jdk1.6.0_25\jre\bin\fontmanager.dll
0x000000006d6a0000 - 0x000000006d6b7000 	C:\Program Files\Java\jdk1.6.0_25\jre\bin\net.dll
0x000007fefe960000 - 0x000007fefe9ad000 	C:\Windows\system32\WS2_32.dll
0x000007feffad0000 - 0x000007feffad8000 	C:\Windows\system32\NSI.dll
0x0000000180000000 - 0x0000000180025000 	C:\Program Files (x86)\Common Files\NSL\nslsp64.dll
0x000007fefd200000 - 0x000007fefd255000 	C:\Windows\system32\mswsock.dll
0x000007fefd1f0000 - 0x000007fefd1f7000 	C:\Windows\System32\wship6.dll
0x000000006d6c0000 - 0x000000006d6cb000 	C:\Program Files\Java\jdk1.6.0_25\jre\bin\nio.dll
0x000007fefd260000 - 0x000007fefd278000 	C:\Windows\system32\CRYPTSP.dll
0x000007fefcf60000 - 0x000007fefcfa7000 	C:\Windows\system32\rsaenh.dll
0x000007fefddb0000 - 0x000007fefddce000 	C:\Windows\system32\USERENV.dll
0x000007fefda70000 - 0x000007fefda7f000 	C:\Windows\system32\profapi.dll
0x000007fefb1f0000 - 0x000007fefb205000 	C:\Windows\system32\NLAapi.dll
0x000007fef9d60000 - 0x000007fef9d75000 	C:\Windows\system32\napinsp.dll
0x000007fef9d80000 - 0x000007fef9d99000 	C:\Windows\system32\pnrpnsp.dll
0x000007fefd080000 - 0x000007fefd0db000 	C:\Windows\system32\DNSAPI.dll
0x000007fef9d50000 - 0x000007fef9d5b000 	C:\Windows\System32\winrnr.dll
0x00000000756f0000 - 0x0000000075725000 	C:\Program Files\Bonjour\mdnsNSP.dll
0x000007fefa2f0000 - 0x000007fefa317000 	C:\Windows\system32\Iphlpapi.DLL
0x000007fefb0f0000 - 0x000007fefb0fb000 	C:\Windows\system32\WINNSI.DLL
0x00000000756c0000 - 0x00000000756ee000 	C:\Program Files\Common Files\Microsoft Shared\Windows Live\WLIDNSP.DLL
0x000007fefcbf0000 - 0x000007fefcbf7000 	C:\Windows\System32\wshtcpip.dll
0x000007fefa320000 - 0x000007fefa328000 	C:\Windows\system32\rasadhlp.dll
0x000007fefa250000 - 0x000007fefa2a3000 	C:\Windows\System32\fwpuclnt.dll
0x000000006d2b0000 - 0x000000006d2d8000 	C:\Program Files\Java\jdk1.6.0_25\jre\bin\dcpr.dll
0x000007fefeb90000 - 0x000007fefec29000 	C:\Windows\system32\CLBCatQ.DLL
0x000007fefb8d0000 - 0x000007fefb924000 	C:\Windows\system32\oleacc.dll

VM Arguments:
jvm_args: -Dfile.encoding=UTF-8 
java_command: Editor.GUI
Launcher Type: SUN_STANDARD

Environment Variables:
CLASSPATH=.;C:\Program Files (x86)\QuickTime\QTSystem\QTJava.zip
PATH=C:\Program Files\Common Files\Microsoft Shared\Windows Live;C:\Windows\system32;C:\Windows;C:\Windows\System32\Wbem;C:\Windows\System32\WindowsPowerShell\v1.0\;C:\Program Files (x86)\Common Files\Roxio Shared\DLLShared\;C:\Program Files (x86)\Common Files\Roxio Shared\10.0\DLLShared\;C:\Program Files (x86)\QuickTime\QTSystem\;C:\Program Files\Microsoft SQL Server\110\Tools\Binn\;C:\Program Files\Microsoft\Web Platform Installer\;C:\Program Files (x86)\Microsoft ASP.NET\ASP.NET Web Pages\v1.0\;C:\Program Files (x86)\Elan Speech\Speech Engine SDK\APIs\NSCAPI
USERNAME=f.harz
OS=Windows_NT
PROCESSOR_IDENTIFIER=Intel64 Family 6 Model 42 Stepping 7, GenuineIntel



---------------  S Y S T E M  ---------------

OS: Windows 7 Build 7601 Service Pack 1

CPU:total 4 (4 cores per cpu, 1 threads per core) family 6 model 42 stepping 7, cmov, cx8, fxsr, mmx, sse, sse2, sse3, ssse3, sse4.1, sse4.2, popcnt

Memory: 4k page, physical 4072500k(899616k free), swap 8143136k(4676548k free)

vm_info: Java HotSpot(TM) 64-Bit Server VM (20.0-b11) for windows-amd64 JRE (1.6.0_25-b06), built on Apr 14 2011 00:44:38 by "java_re" with MS VC++ 8.0 (VS2005)

time: Thu May 14 09:27:06 2015
elapsed time: 27 seconds

