#
# A fatal error has been detected by the Java Runtime Environment:
#
#  EXCEPTION_ACCESS_VIOLATION (0xc0000005) at pc=0x00000000a46c53d2, pid=264, tid=3244
#
# JRE version: 6.0_25-b06
# Java VM: Java HotSpot(TM) 64-Bit Server VM (20.0-b11 mixed mode windows-amd64 compressed oops)
# Problematic frame:
# C  0x00000000a46c53d2
#
# If you would like to submit a bug report, please visit:
#   http://java.sun.com/webapps/bugreport/crash.jsp
# The crash happened outside the Java Virtual Machine in native code.
# See problematic frame for where to report the bug.
#

---------------  T H R E A D  ---------------

Current thread (0x0000000006639800):  JavaThread "AWT-EventQueue-0" [_thread_in_native, id=3244, stack(0x0000000007da0000,0x0000000007ea0000)]

siginfo: ExceptionCode=0xc0000005, ExceptionInformation=0x0000000000000008 0x00000000a46c53d2

Registers:
RAX=0x00000000a46c53d2, RBX=0x00000000066399d0, RCX=0x00000000066399d0, RDX=0x0000000007b6fb70
RSP=0x0000000007e9e278, RBP=0x000000006d20c1e8, RSI=0x0000000007e9e600, RDI=0x0000000007b6fb70
R8 =0x0000000000000042, R9 =0x00000000bd75fe08, R10=0x00000000024279b2, R11=0x0000000007e9e4d8
R12=0x0000000007e9e600, R13=0x0000000007e9e5f8, R14=0x0000000007e9e608, R15=0x0000000006639800
RIP=0x00000000a46c53d2, EFLAGS=0x0000000000010206

Top of Stack: (sp=0x0000000007e9e278)
0x0000000007e9e278:   000000006d103810 00000000066399d0
0x0000000007e9e288:   000000006d20c1e8 0000000007e9e600
0x0000000007e9e298:   0000000007e9e5f0 000000000651e100
0x0000000007e9e2a8:   000000006d0a1feb 000000000000001f
0x0000000007e9e2b8:   00000000066399d0 0000000007e9e5e8
0x0000000007e9e2c8:   0000000007e9e5f0 000000000651dc90
0x0000000007e9e2d8:   0000006800000003 000000006de43cb8
0x0000000007e9e2e8:   0000000000000000 0000000000000000
0x0000000007e9e2f8:   0000000000000000 0000000000000000
0x0000000007e9e308:   0000014000000140 0000000000000000
0x0000000007e9e318:   0000000000000000 0000000000000000
0x0000000007e9e328:   000000006d000000 0000000007e9e2e0
0x0000000007e9e338:   0000000002460620 0000000000000000
0x0000000007e9e348:   00000000024606b4 0000000002460a20
0x0000000007e9e358:   0000000000000000 0000000000000000
0x0000000007e9e368:   0000000000000000 0000000002460620 

Instructions: (pc=0x00000000a46c53d2)
0x00000000a46c53b2:   
[error occurred during error reporting (printing registers, top of stack, instructions near pc), id 0xc0000005]

Register to memory mapping:

RAX=0x00000000a46c53d2 is an unknown value
RBX=0x00000000066399d0 is an unknown value
RCX=0x00000000066399d0 is an unknown value
RDX=0x0000000007b6fb70 is an unknown value
RSP=0x0000000007e9e278 is pointing into the stack for thread: 0x0000000006639800
RBP=0x000000006d20c1e8 is an unknown value
RSI=0x0000000007e9e600 is pointing into the stack for thread: 0x0000000006639800
RDI=0x0000000007b6fb70 is an unknown value
R8 =0x0000000000000042 is an unknown value
R9 =0x00000000bd75fe08 is an oop
{instance class} 
 - klass: {other class}
R10=0x00000000024279b2 is an Interpreter codelet
method entry point (kind = native)  [0x00000000024274c0, 0x0000000002428380]  3776 bytes
R11=0x0000000007e9e4d8 is pointing into the stack for thread: 0x0000000006639800
R12=0x0000000007e9e600 is pointing into the stack for thread: 0x0000000006639800
R13=0x0000000007e9e5f8 is pointing into the stack for thread: 0x0000000006639800
R14=0x0000000007e9e608 is pointing into the stack for thread: 0x0000000006639800
R15=0x0000000006639800 is a thread


Stack: [0x0000000007da0000,0x0000000007ea0000],  sp=0x0000000007e9e278,  free space=1016k
Native frames: (J=compiled Java code, j=interpreted, Vv=VM code, C=native code)
C  0x00000000a46c53d2

Java frames: (J=compiled Java code, j=interpreted, Vv=VM code)
j  sun.java2d.loops.Blit.Blit(Lsun/java2d/SurfaceData;Lsun/java2d/SurfaceData;Ljava/awt/Composite;Lsun/java2d/pipe/Region;IIIIII)V+0
j  sun.java2d.pipe.DrawImage.blitSurfaceData(Lsun/java2d/SunGraphics2D;Lsun/java2d/pipe/Region;Lsun/java2d/SurfaceData;Lsun/java2d/SurfaceData;Lsun/java2d/loops/SurfaceType;Lsun/java2d/loops/SurfaceType;IIIIIILjava/awt/Color;)V+97
j  sun.java2d.pipe.DrawImage.renderImageCopy(Lsun/java2d/SunGraphics2D;Ljava/awt/Image;Ljava/awt/Color;IIIIII)Z+75
j  sun.java2d.pipe.DrawImage.copyImage(Lsun/java2d/SunGraphics2D;Ljava/awt/Image;IILjava/awt/Color;)Z+45
j  sun.java2d.pipe.DrawImage.copyImage(Lsun/java2d/SunGraphics2D;Ljava/awt/Image;IILjava/awt/Color;Ljava/awt/image/ImageObserver;)Z+15
j  sun.java2d.pipe.ValidatePipe.copyImage(Lsun/java2d/SunGraphics2D;Ljava/awt/Image;IILjava/awt/Color;Ljava/awt/image/ImageObserver;)Z+21
j  sun.java2d.SunGraphics2D.drawImage(Ljava/awt/Image;IILjava/awt/Color;Ljava/awt/image/ImageObserver;)Z+18
j  sun.java2d.SunGraphics2D.drawImage(Ljava/awt/Image;IILjava/awt/image/ImageObserver;)Z+7
j  Game.Map.build()V+127
j  Game.Tested.<init>()V+209
j  Game.Tested$5.run()V+4
j  java.awt.event.InvocationEvent.dispatch()V+47
j  java.awt.EventQueue.dispatchEventImpl(Ljava/awt/AWTEvent;Ljava/lang/Object;)V+21
j  java.awt.EventQueue.access$000(Ljava/awt/EventQueue;Ljava/awt/AWTEvent;Ljava/lang/Object;)V+3
j  java.awt.EventQueue$1.run()Ljava/lang/Void;+12
j  java.awt.EventQueue$1.run()Ljava/lang/Object;+1
v  ~StubRoutines::call_stub
j  java.security.AccessController.doPrivileged(Ljava/security/PrivilegedAction;Ljava/security/AccessControlContext;)Ljava/lang/Object;+0
j  java.security.AccessControlContext$1.doIntersectionPrivilege(Ljava/security/PrivilegedAction;Ljava/security/AccessControlContext;Ljava/security/AccessControlContext;)Ljava/lang/Object;+28
j  java.awt.EventQueue.dispatchEvent(Ljava/awt/AWTEvent;)V+46
j  java.awt.EventDispatchThread.pumpOneEventForFilters(I)Z+204
j  java.awt.EventDispatchThread.pumpEventsForFilter(ILjava/awt/Conditional;Ljava/awt/EventFilter;)V+30
j  java.awt.EventDispatchThread.pumpEventsForHierarchy(ILjava/awt/Conditional;Ljava/awt/Component;)V+11
j  java.awt.EventDispatchThread.pumpEvents(ILjava/awt/Conditional;)V+4
j  java.awt.EventDispatchThread.pumpEvents(Ljava/awt/Conditional;)V+3
j  java.awt.EventDispatchThread.run()V+9
v  ~StubRoutines::call_stub

---------------  P R O C E S S  ---------------

Java Threads: ( => current thread )
  0x0000000006642800 JavaThread "org.netbeans.modules.debugger.jpda.visual AWT Access Loop" daemon [_thread_blocked, id=3868, stack(0x0000000007ea0000,0x0000000007fa0000)]
  0x00000000003ec000 JavaThread "DestroyJavaVM" [_thread_blocked, id=4408, stack(0x0000000002310000,0x0000000002410000)]
=>0x0000000006639800 JavaThread "AWT-EventQueue-0" [_thread_in_native, id=3244, stack(0x0000000007da0000,0x0000000007ea0000)]
  0x00000000065d4800 JavaThread "AWT-Windows" daemon [_thread_in_native, id=3784, stack(0x0000000007490000,0x0000000007590000)]
  0x00000000065d3800 JavaThread "AWT-Shutdown" [_thread_blocked, id=3532, stack(0x0000000007390000,0x0000000007490000)]
  0x00000000065d1000 JavaThread "Java2D Disposer" daemon [_thread_blocked, id=4944, stack(0x0000000007140000,0x0000000007240000)]
  0x000000000651b000 JavaThread "Low Memory Detector" daemon [_thread_blocked, id=3776, stack(0x0000000006d90000,0x0000000006e90000)]
  0x000000000650d800 JavaThread "C2 CompilerThread1" daemon [_thread_blocked, id=3400, stack(0x0000000006c90000,0x0000000006d90000)]
  0x0000000006505000 JavaThread "C2 CompilerThread0" daemon [_thread_blocked, id=4548, stack(0x0000000006b90000,0x0000000006c90000)]
  0x00000000064f9800 JavaThread "JDWP Command Reader" daemon [_thread_in_native, id=4588, stack(0x0000000006a90000,0x0000000006b90000)]
  0x00000000064f8800 JavaThread "JDWP Event Helper Thread" daemon [_thread_blocked, id=3324, stack(0x0000000006990000,0x0000000006a90000)]
  0x00000000064f7000 JavaThread "JDWP Transport Listener: dt_shmem" daemon [_thread_blocked, id=2888, stack(0x0000000006890000,0x0000000006990000)]
  0x00000000064e4800 JavaThread "Attach Listener" daemon [_thread_blocked, id=2728, stack(0x0000000006790000,0x0000000006890000)]
  0x00000000064df000 JavaThread "Signal Dispatcher" daemon [_thread_blocked, id=4556, stack(0x0000000006690000,0x0000000006790000)]
  0x000000000052c000 JavaThread "Finalizer" daemon [_thread_blocked, id=4420, stack(0x0000000006390000,0x0000000006490000)]
  0x0000000000525800 JavaThread "Reference Handler" daemon [_thread_blocked, id=4320, stack(0x0000000006290000,0x0000000006390000)]

Other Threads:
  0x000000000051f000 VMThread [stack: 0x0000000006190000,0x0000000006290000] [id=4740]
  0x0000000006505800 WatcherThread [stack: 0x0000000006e90000,0x0000000006f90000] [id=4340]

VM state:not at safepoint (normal execution)

VM Mutex/Monitor currently owned by a thread: None

Heap
 PSYoungGen      total 34496K, used 23853K [0x00000000eb400000, 0x00000000ed840000, 0x0000000100000000)
  eden space 31872K, 66% used [0x00000000eb400000,0x00000000ec8bf590,0x00000000ed320000)
  from space 2624K, 99% used [0x00000000ed5b0000,0x00000000ed83c020,0x00000000ed840000)
  to   space 2624K, 0% used [0x00000000ed320000,0x00000000ed320000,0x00000000ed5b0000)
 PSOldGen        total 42496K, used 21192K [0x00000000c1c00000, 0x00000000c4580000, 0x00000000eb400000)
  object space 42496K, 49% used [0x00000000c1c00000,0x00000000c30b2330,0x00000000c4580000)
 PSPermGen       total 21248K, used 16459K [0x00000000bca00000, 0x00000000bdec0000, 0x00000000c1c00000)
  object space 21248K, 77% used [0x00000000bca00000,0x00000000bda12ff8,0x00000000bdec0000)

Code Cache  [0x0000000002410000, 0x0000000002680000, 0x0000000005410000)
 total_blobs=627 nmethods=228 adapters=360 free_code_cache=48798080 largest_free_block=23488

Dynamic libraries:
0x0000000000400000 - 0x000000000042e000 	C:\Program Files\Java\jdk1.6.0_25\bin\java.exe
0x0000000077820000 - 0x00000000779c9000 	C:\Windows\SYSTEM32\ntdll.dll
0x0000000077600000 - 0x000000007771f000 	C:\Windows\system32\kernel32.dll
0x000007fefd760000 - 0x000007fefd7cc000 	C:\Windows\system32\KERNELBASE.dll
0x000007fefe430000 - 0x000007fefe50b000 	C:\Windows\system32\ADVAPI32.dll
0x000007feff860000 - 0x000007feff8ff000 	C:\Windows\system32\msvcrt.dll
0x000007fefe100000 - 0x000007fefe11f000 	C:\Windows\SYSTEM32\sechost.dll
0x000007fefe560000 - 0x000007fefe68d000 	C:\Windows\system32\RPCRT4.dll
0x000000006d890000 - 0x000000006e048000 	C:\Program Files\Java\jdk1.6.0_25\jre\bin\server\jvm.dll
0x0000000077720000 - 0x000000007781a000 	C:\Windows\system32\USER32.dll
0x000007feff770000 - 0x000007feff7d7000 	C:\Windows\system32\GDI32.dll
0x000007fefe420000 - 0x000007fefe42e000 	C:\Windows\system32\LPK.dll
0x000007fefd9a0000 - 0x000007fefda69000 	C:\Windows\system32\USP10.dll
0x000007fef7690000 - 0x000007fef76cb000 	C:\Windows\system32\WINMM.dll
0x000007fefe510000 - 0x000007fefe53e000 	C:\Windows\system32\IMM32.DLL
0x000007feff480000 - 0x000007feff589000 	C:\Windows\system32\MSCTF.dll
0x000000006d800000 - 0x000000006d80e000 	C:\Program Files\Java\jdk1.6.0_25\jre\bin\verify.dll
0x000000006d450000 - 0x000000006d477000 	C:\Program Files\Java\jdk1.6.0_25\jre\bin\java.dll
0x00000000779e0000 - 0x00000000779e7000 	C:\Windows\system32\PSAPI.DLL
0x000000006d4c0000 - 0x000000006d4f4000 	C:\Program Files\Java\jdk1.6.0_25\jre\bin\jdwp.dll
0x000000006d6d0000 - 0x000000006d6d8000 	C:\Program Files\Java\jdk1.6.0_25\jre\bin\npt.dll
0x000000006d850000 - 0x000000006d862000 	C:\Program Files\Java\jdk1.6.0_25\jre\bin\zip.dll
0x000000006d300000 - 0x000000006d30a000 	C:\Program Files\Java\jdk1.6.0_25\jre\bin\dt_shmem.dll
0x000000006d0a0000 - 0x000000006d263000 	C:\Program Files\Java\jdk1.6.0_25\jre\bin\awt.dll
0x000007fef99e0000 - 0x000007fef9a51000 	C:\Windows\system32\WINSPOOL.DRV
0x000007fefe210000 - 0x000007fefe413000 	C:\Windows\system32\ole32.dll
0x000007fefe6f0000 - 0x000007feff478000 	C:\Windows\system32\SHELL32.dll
0x000007fefdb50000 - 0x000007fefdbc1000 	C:\Windows\system32\SHLWAPI.dll
0x000007fefb7b0000 - 0x000007fefb9a4000 	C:\Windows\WinSxS\amd64_microsoft.windows.common-controls_6595b64144ccf1df_6.0.7601.17514_none_fa396087175ac9ac\COMCTL32.dll
0x000007fefb150000 - 0x000007fefb168000 	C:\Windows\system32\DWMAPI.DLL
0x000007fefb750000 - 0x000007fefb7a6000 	C:\Windows\system32\uxtheme.dll
0x0000000011320000 - 0x0000000011366000 	C:\Program Files (x86)\NetSupport\NetSupport School\pciappctrl64.dll
0x000007fefc790000 - 0x000007fefc79c000 	C:\Windows\system32\VERSION.dll
0x000007fef78f0000 - 0x000007fef7a15000 	C:\Windows\system32\dbghelp.dll
0x0000000011500000 - 0x0000000011525000 	C:\Program Files (x86)\Common Files\NSL\NSCommonHook64.dll
0x000007fef2780000 - 0x000007fef27ff000 	C:\Program Files\Common Files\microsoft shared\ink\tiptsf.dll
0x000007fefda70000 - 0x000007fefdb47000 	C:\Windows\system32\OLEAUT32.dll
0x000007fefd480000 - 0x000007fefd48f000 	C:\Windows\system32\CRYPTBASE.dll
0x000000006d340000 - 0x000000006d3a6000 	C:\Program Files\Java\jdk1.6.0_25\jre\bin\fontmanager.dll
0x000000006d6a0000 - 0x000000006d6b7000 	C:\Program Files\Java\jdk1.6.0_25\jre\bin\net.dll
0x000007fefe1c0000 - 0x000007fefe20d000 	C:\Windows\system32\WS2_32.dll
0x000007fefdbd0000 - 0x000007fefdbd8000 	C:\Windows\system32\NSI.dll
0x0000000180000000 - 0x0000000180025000 	C:\Program Files (x86)\Common Files\NSL\nslsp64.dll
0x000007fefcd80000 - 0x000007fefcdd5000 	C:\Windows\system32\mswsock.dll
0x000007fefcd70000 - 0x000007fefcd77000 	C:\Windows\System32\wship6.dll
0x000000006d6c0000 - 0x000000006d6cb000 	C:\Program Files\Java\jdk1.6.0_25\jre\bin\nio.dll
0x000007fefcde0000 - 0x000007fefcdf8000 	C:\Windows\system32\CRYPTSP.dll
0x000007fefcae0000 - 0x000007fefcb27000 	C:\Windows\system32\rsaenh.dll
0x000007fefd730000 - 0x000007fefd74e000 	C:\Windows\system32\USERENV.dll
0x000007fefd5e0000 - 0x000007fefd5ef000 	C:\Windows\system32\profapi.dll
0x000007fefb1e0000 - 0x000007fefb1f5000 	C:\Windows\system32\NLAapi.dll
0x000007fef9c30000 - 0x000007fef9c45000 	C:\Windows\system32\napinsp.dll
0x000007fef9c50000 - 0x000007fef9c69000 	C:\Windows\system32\pnrpnsp.dll
0x000007fefcc00000 - 0x000007fefcc5b000 	C:\Windows\system32\DNSAPI.dll
0x000007fef9c20000 - 0x000007fef9c2b000 	C:\Windows\System32\winrnr.dll
0x0000000075270000 - 0x00000000752a5000 	C:\Program Files\Bonjour\mdnsNSP.dll
0x000007fefaf00000 - 0x000007fefaf27000 	C:\Windows\system32\Iphlpapi.DLL
0x000007fefaec0000 - 0x000007fefaecb000 	C:\Windows\system32\WINNSI.DLL
0x0000000075240000 - 0x000000007526e000 	C:\Program Files\Common Files\Microsoft Shared\Windows Live\WLIDNSP.DLL
0x000007fefc770000 - 0x000007fefc777000 	C:\Windows\System32\wshtcpip.dll
0x000007fef9ca0000 - 0x000007fef9ca8000 	C:\Windows\system32\rasadhlp.dll
0x000007fefadf0000 - 0x000007fefae43000 	C:\Windows\System32\fwpuclnt.dll

VM Arguments:
jvm_args: -Xdebug -Xrunjdwp:transport=dt_shmem,address=javadebug -Dfile.encoding=UTF-8 
java_command: Game.Tested
Launcher Type: SUN_STANDARD

Environment Variables:
CLASSPATH=.;C:\Program Files (x86)\QuickTime\QTSystem\QTJava.zip
PATH=C:\Program Files\Common Files\Microsoft Shared\Windows Live;C:\Windows\system32;C:\Windows;C:\Windows\System32\Wbem;C:\Windows\System32\WindowsPowerShell\v1.0\;C:\Program Files (x86)\Common Files\Roxio Shared\DLLShared\;C:\Program Files (x86)\Common Files\Roxio Shared\10.0\DLLShared\;C:\Program Files (x86)\QuickTime\QTSystem\;C:\Program Files\Microsoft SQL Server\110\Tools\Binn\;C:\Program Files\Microsoft\Web Platform Installer\;C:\Program Files (x86)\Microsoft ASP.NET\ASP.NET Web Pages\v1.0\;C:\Program Files (x86)\Elan Speech\Speech Engine SDK\APIs\NSCAPI
USERNAME=f.harz
OS=Windows_NT
PROCESSOR_IDENTIFIER=Intel64 Family 6 Model 42 Stepping 7, GenuineIntel



---------------  S Y S T E M  ---------------

OS: Windows 7 Build 7601 Service Pack 1

CPU:total 4 (4 cores per cpu, 1 threads per core) family 6 model 42 stepping 7, cmov, cx8, fxsr, mmx, sse, sse2, sse3, ssse3, sse4.1, sse4.2, popcnt

Memory: 4k page, physical 4072500k(1587948k free), swap 8143136k(5555088k free)

vm_info: Java HotSpot(TM) 64-Bit Server VM (20.0-b11) for windows-amd64 JRE (1.6.0_25-b06), built on Apr 14 2011 00:44:38 by "java_re" with MS VC++ 8.0 (VS2005)

time: Thu Apr 23 08:34:00 2015
elapsed time: 15 seconds

